C:\Users\2213226\Documents\comprasv3> python.exe .\main.py
13:29:14 | INFO     | 🚀 INICIANDO PIPELINE DE EXTRAÇÃO DE COMPRAS PÚBLICAS
13:29:14 | INFO     | ============================================================
13:29:14 | INFO     | ▶ Módulo LEGADO — 363 tarefas | 3 threads
13:29:21 | INFO     | ❌ FAIL | RT | OUTRASMODALIDADES | 2026
13:29:21 | INFO     | ❌ FAIL | RT | PREGAO            | 2025
13:29:21 | INFO     | ❌ FAIL | RT | PREGAO            | 2024
13:29:27 | INFO     | ❌ FAIL | AQ | PREGAO            | 2018
13:29:27 | INFO     | ❌ FAIL | RT | PREGAO            | 2026
13:29:27 | INFO     | ❌ FAIL | AQ | OUTRASMODALIDADES | 2018
13:29:34 | INFO     | ❌ FAIL | AQ | OUTRASMODALIDADES | 2021
13:29:34 | INFO     | ❌ FAIL | AQ | PREGAO            | 2021
13:29:34 | INFO     | ❌ FAIL | AQ | OUTRASMODALIDADES | 2022
13:29:40 | INFO     | ❌ FAIL | AQ | PREGAO            | 2022
13:29:40 | INFO     | ❌ FAIL | AQ | OUTRASMODALIDADES | 2023
13:29:40 | INFO     | ❌ FAIL | AQ | PREGAO            | 2023
13:29:46 | INFO     | ❌ FAIL | AQ | PREGAO            | 2024
13:29:46 | INFO     | ❌ FAIL | AQ | OUTRASMODALIDADES | 2024
13:29:47 | INFO     | ❌ FAIL | AQ | OUTRASMODALIDADES | 2025
13:29:53 | INFO     | ❌ FAIL | AQ | PREGAO            | 2025
13:29:53 | INFO     | ❌ FAIL | AQ | OUTRASMODALIDADES | 2026
13:29:53 | INFO     | ❌ FAIL | AQ | PREGAO            | 2026
13:29:59 | INFO     | ❌ FAIL | CG | OUTRASMODALIDADES | 2021
13:29:59 | INFO     | ❌ FAIL | CG | PREGAO            | 2021
13:29:59 | INFO     | ❌ FAIL | CG | OUTRASMODALIDADES | 2022
13:30:06 | INFO     | ❌ FAIL | CG | OUTRASMODALIDADES | 2023
13:30:06 | INFO     | ❌ FAIL | CG | PREGAO            | 2022
13:30:06 | INFO     | ❌ FAIL | CG | PREGAO            | 2023
13:30:12 | INFO     | ❌ FAIL | CG | PREGAO            | 2024
13:30:12 | INFO     | ❌ FAIL | CG | OUTRASMODALIDADES | 2024
13:30:12 | INFO     | ❌ FAIL | CG | OUTRASMODALIDADES | 2025
13:30:18 | INFO     | ❌ FAIL | CG | PREGAO            | 2025
13:30:18 | INFO     | ❌ FAIL | CG | OUTRASMODALIDADES | 2026
13:30:19 | INFO     | ❌ FAIL | CG | PREGAO            | 2026
13:30:25 | INFO     | ❌ FAIL | CB | OUTRASMODALIDADES | 2021
13:30:25 | INFO     | ❌ FAIL | CB | OUTRASMODALIDADES | 2022
13:30:25 | INFO     | ❌ FAIL | CB | PREGAO            | 2021
13:30:31 | INFO     | ❌ FAIL | CB | PREGAO            | 2022
13:30:31 | INFO     | ❌ FAIL | CB | OUTRASMODALIDADES | 2023
13:30:32 | INFO     | ❌ FAIL | CB | PREGAO            | 2023
13:30:38 | INFO     | ❌ FAIL | CB | OUTRASMODALIDADES | 2024
13:30:38 | INFO     | ❌ FAIL | CB | PREGAO            | 2024
13:30:38 | INFO     | ❌ FAIL | CB | OUTRASMODALIDADES | 2025
13:30:44 | INFO     | ❌ FAIL | CB | PREGAO            | 2025
13:30:44 | INFO     | ❌ FAIL | CB | OUTRASMODALIDADES | 2026
13:30:45 | INFO     | ❌ FAIL | CB | PREGAO            | 2026
13:30:51 | INFO     | ❌ FAIL | CX | OUTRASMODALIDADES | 2021
13:30:51 | INFO     | ❌ FAIL | CX | PREGAO            | 2021
13:30:51 | INFO     | ❌ FAIL | CX | OUTRASMODALIDADES | 2022
13:30:57 | INFO     | ❌ FAIL | CX | PREGAO            | 2022
13:30:58 | INFO     | ❌ FAIL | CX | OUTRASMODALIDADES | 2023
13:30:58 | INFO     | ❌ FAIL | CX | PREGAO            | 2023
13:31:04 | INFO     | ❌ FAIL | CX | OUTRASMODALIDADES | 2024
13:31:05 | INFO     | ❌ FAIL | CX | OUTRASMODALIDADES | 2025
13:31:06 | INFO     | ❌ FAIL | CX | PREGAO            | 2024
13:31:10 | INFO     | ❌ FAIL | CX | PREGAO            | 2025
13:31:11 | INFO     | ❌ FAIL | CX | OUTRASMODALIDADES | 2026
13:31:12 | INFO     | ❌ FAIL | CX | PREGAO            | 2026
13:31:17 | INFO     | ❌ FAIL | DR | OUTRASMODALIDADES | 2016
13:31:18 | INFO     | ❌ FAIL | DR | PREGAO            | 2016
13:31:19 | INFO     | ❌ FAIL | DR | OUTRASMODALIDADES | 2021
13:31:23 | INFO     | ❌ FAIL | DR | PREGAO            | 2021
13:31:24 | INFO     | ❌ FAIL | DR | OUTRASMODALIDADES | 2022
13:31:25 | INFO     | ❌ FAIL | DR | PREGAO            | 2022
13:31:30 | INFO     | ❌ FAIL | DR | OUTRASMODALIDADES | 2023
13:31:31 | INFO     | ❌ FAIL | DR | PREGAO            | 2023
13:31:32 | INFO     | ❌ FAIL | DR | OUTRASMODALIDADES | 2024
13:31:36 | INFO     | ❌ FAIL | DR | PREGAO            | 2024
13:31:37 | INFO     | ❌ FAIL | DR | OUTRASMODALIDADES | 2025
13:31:38 | INFO     | ❌ FAIL | DR | PREGAO            | 2025
13:31:43 | INFO     | ❌ FAIL | DR | OUTRASMODALIDADES | 2026
13:31:44 | INFO     | ❌ FAIL | DR | PREGAO            | 2026
13:31:45 | INFO     | ❌ FAIL | JD | OUTRASMODALIDADES | 2016
13:31:50 | INFO     | ❌ FAIL | JD | PREGAO            | 2016
13:31:50 | INFO     | ❌ FAIL | JD | OUTRASMODALIDADES | 2017
13:31:51 | INFO     | ❌ FAIL | JD | PREGAO            | 2017
13:31:57 | INFO     | ❌ FAIL | JD | OUTRASMODALIDADES | 2018
13:31:57 | INFO     | ❌ FAIL | JD | PREGAO            | 2018
13:31:58 | INFO     | ❌ FAIL | JD | OUTRASMODALIDADES | 2020
13:32:03 | INFO     | ❌ FAIL | JD | PREGAO            | 2020
13:32:04 | INFO     | ❌ FAIL | JD | OUTRASMODALIDADES | 2021
13:32:05 | INFO     | ❌ FAIL | JD | PREGAO            | 2021
13:32:10 | INFO     | ❌ FAIL | JD | OUTRASMODALIDADES | 2022
13:32:10 | INFO     | ❌ FAIL | JD | PREGAO            | 2022
13:32:11 | INFO     | ❌ FAIL | JD | OUTRASMODALIDADES | 2023
13:32:16 | INFO     | ❌ FAIL | JD | PREGAO            | 2023
13:32:16 | INFO     | ❌ FAIL | JD | OUTRASMODALIDADES | 2024
13:32:18 | INFO     | ❌ FAIL | JD | PREGAO            | 2024
13:32:23 | INFO     | ❌ FAIL | JD | OUTRASMODALIDADES | 2025
13:32:23 | INFO     | ❌ FAIL | JD | PREGAO            | 2025
13:32:24 | INFO     | ❌ FAIL | JD | OUTRASMODALIDADES | 2026
13:32:30 | INFO     | ❌ FAIL | JD | PREGAO            | 2026
13:32:30 | INFO     | ❌ FAIL | NA | OUTRASMODALIDADES | 2021
13:32:31 | INFO     | ❌ FAIL | NA | PREGAO            | 2021
13:32:37 | INFO     | ❌ FAIL | NA | PREGAO            | 2022
13:32:37 | INFO     | ❌ FAIL | NA | OUTRASMODALIDADES | 2022
13:32:38 | INFO     | ❌ FAIL | NA | OUTRASMODALIDADES | 2023
13:32:43 | INFO     | ❌ FAIL | NA | PREGAO            | 2023
13:32:44 | INFO     | ❌ FAIL | NA | OUTRASMODALIDADES | 2024
13:32:45 | INFO     | ❌ FAIL | NA | PREGAO            | 2024
13:32:50 | INFO     | ❌ FAIL | NA | OUTRASMODALIDADES | 2025
13:32:50 | INFO     | ❌ FAIL | NA | PREGAO            | 2025
13:32:51 | INFO     | ❌ FAIL | NA | OUTRASMODALIDADES | 2026
13:32:56 | INFO     | ❌ FAIL | NA | PREGAO            | 2026
13:32:56 | INFO     | ❌ FAIL | NV | OUTRASMODALIDADES | 2016
13:32:57 | INFO     | ❌ FAIL | NV | PREGAO            | 2016
13:33:03 | INFO     | ❌ FAIL | NV | PREGAO            | 2017
13:33:03 | INFO     | ❌ FAIL | NV | OUTRASMODALIDADES | 2021
13:33:04 | INFO     | ❌ FAIL | NV | PREGAO            | 2021
13:33:09 | INFO     | ❌ FAIL | NV | PREGAO            | 2022
13:33:09 | INFO     | ❌ FAIL | NV | OUTRASMODALIDADES | 2022
13:33:10 | INFO     | ❌ FAIL | NV | OUTRASMODALIDADES | 2023
13:33:16 | INFO     | ❌ FAIL | NV | PREGAO            | 2023
13:33:16 | INFO     | ❌ FAIL | NV | OUTRASMODALIDADES | 2024
13:33:17 | INFO     | ❌ FAIL | NV | PREGAO            | 2024
13:33:22 | INFO     | ❌ FAIL | NV | OUTRASMODALIDADES | 2025
13:33:22 | INFO     | ❌ FAIL | NV | PREGAO            | 2025
13:33:23 | INFO     | ❌ FAIL | NV | OUTRASMODALIDADES | 2026
13:33:29 | INFO     | ❌ FAIL | NV | PREGAO            | 2026
13:33:29 | INFO     | ❌ FAIL | PP | OUTRASMODALIDADES | 2021
13:33:30 | INFO     | ❌ FAIL | PP | PREGAO            | 2021
13:33:35 | INFO     | ❌ FAIL | PP | OUTRASMODALIDADES | 2022
13:33:35 | INFO     | ❌ FAIL | PP | PREGAO            | 2022
13:33:36 | INFO     | ❌ FAIL | PP | OUTRASMODALIDADES | 2023
13:33:42 | INFO     | ❌ FAIL | PP | OUTRASMODALIDADES | 2024
13:33:42 | INFO     | ❌ FAIL | PP | PREGAO            | 2023
13:33:43 | INFO     | ❌ FAIL | PP | PREGAO            | 2024
13:33:50 | INFO     | ❌ FAIL | PP | OUTRASMODALIDADES | 2025
13:33:50 | INFO     | ❌ FAIL | PP | PREGAO            | 2025
13:33:50 | INFO     | ❌ FAIL | PP | OUTRASMODALIDADES | 2026
13:33:56 | INFO     | ❌ FAIL | TL | OUTRASMODALIDADES | 2021
13:33:56 | INFO     | ❌ FAIL | PP | PREGAO            | 2026
13:33:57 | INFO     | ❌ FAIL | TL | PREGAO            | 2021
13:34:02 | INFO     | ❌ FAIL | TL | OUTRASMODALIDADES | 2022
13:34:02 | INFO     | ❌ FAIL | TL | PREGAO            | 2022
13:34:03 | INFO     | ❌ FAIL | TL | OUTRASMODALIDADES | 2023
13:34:09 | INFO     | ❌ FAIL | TL | OUTRASMODALIDADES | 2024
13:34:09 | INFO     | ❌ FAIL | TL | PREGAO            | 2023
13:34:10 | INFO     | ❌ FAIL | TL | PREGAO            | 2024
13:34:15 | INFO     | ❌ FAIL | TL | OUTRASMODALIDADES | 2025
13:34:15 | INFO     | ❌ FAIL | TL | PREGAO            | 2025
13:34:16 | INFO     | ❌ FAIL | TL | OUTRASMODALIDADES | 2026
13:34:22 | INFO     | ❌ FAIL | TL | PREGAO            | 2026
13:34:22 | INFO     | ▶ Módulo LEI 14.133 — 24 tarefas | 2 threads
13:34:22 | INFO     | ============================================================
13:34:22 | INFO     | 📊 RESUMO DA EXTRAÇÃO DE COMPRAS
13:34:22 | INFO     |   Falhas Legado   : 139
13:34:22 | INFO     |   Falhas Lei14133 : 0
13:34:22 | INFO     |   SKIPs           : 202
13:34:22 | INFO     | ============================================================
13:34:22 | INFO     | 📤 GERANDO compras.csv...
📂 4900 arquivo(s) encontrado(s). Processando...

✅ CSV gerado: data\compras.csv
   IDs únicos     : 2351
   Legado         : 1924
   Lei 14.133     : 427
   Com responsável: 2061
   Sem objeto     : 0
   Colunas        : 27
13:34:23 | INFO     | ============================================================
13:34:23 | INFO     | 🔩 INICIANDO EXTRAÇÃO DE ITENS
🔍 Mapeando compras para montar a fila de itens...

   Legado : 2412 compras → 2412 tarefas
   PNCP   : 429 compras → 427 tarefas
   TOTAL  : 2839 tarefas

🚀 INICIANDO EXTRAÇÃO DE ITENS | WORKERS: 3 | TOTAL: 2839

[13:34:23] ⏭️  SKIPs: 50 | 50/2839 (1.8%) | Falhas: 0
[13:34:23] ⏭️  SKIPs: 100 | 100/2839 (3.5%) | Falhas: 0
[13:34:23] ⏭️  SKIPs: 150 | 150/2839 (5.3%) | Falhas: 0
[13:34:23] ⏭️  SKIPs: 200 | 200/2839 (7.0%) | Falhas: 0
[13:34:23] ⏭️  SKIPs: 250 | 250/2839 (8.8%) | Falhas: 0
[13:34:23] ⏭️  SKIPs: 300 | 300/2839 (10.6%) | Falhas: 0
[13:34:23] ⏭️  SKIPs: 350 | 350/2839 (12.3%) | Falhas: 0
[13:34:23] ⏭️  SKIPs: 400 | 400/2839 (14.1%) | Falhas: 0
[13:34:23] ⏭️  SKIPs: 450 | 450/2839 (15.9%) | Falhas: 0
[13:34:23] ⏭️  SKIPs: 500 | 500/2839 (17.6%) | Falhas: 0
[13:34:23] ⏭️  SKIPs: 550 | 550/2839 (19.4%) | Falhas: 0
[13:34:23] ⏭️  SKIPs: 600 | 600/2839 (21.1%) | Falhas: 0
[13:34:23] ⏭️  SKIPs: 650 | 650/2839 (22.9%) | Falhas: 0
[13:34:23] ⏭️  SKIPs: 700 | 700/2839 (24.7%) | Falhas: 0
[13:34:23] ⏭️  SKIPs: 750 | 750/2839 (26.4%) | Falhas: 0
[13:34:23] ⏭️  SKIPs: 800 | 800/2839 (28.2%) | Falhas: 0
[13:34:23] ⏭️  SKIPs: 850 | 850/2839 (29.9%) | Falhas: 0
[13:34:23] ⏭️  SKIPs: 900 | 900/2839 (31.7%) | Falhas: 0
[13:34:23] ⏭️  SKIPs: 950 | 950/2839 (33.5%) | Falhas: 0
[13:34:23] ⏭️  SKIPs: 1000 | 1000/2839 (35.2%) | Falhas: 0
[13:34:23] ⏭️  SKIPs: 1050 | 1050/2839 (37.0%) | Falhas: 0
[13:34:23] ⏭️  SKIPs: 1100 | 1100/2839 (38.7%) | Falhas: 0
[13:34:24] ⏭️  SKIPs: 1150 | 1150/2839 (40.5%) | Falhas: 0
[13:34:24] ⏭️  SKIPs: 1200 | 1200/2839 (42.3%) | Falhas: 0
[13:34:24] ⏭️  SKIPs: 1250 | 1250/2839 (44.0%) | Falhas: 0
[13:34:24] ⏭️  SKIPs: 1300 | 1300/2839 (45.8%) | Falhas: 0
[13:34:24] ⏭️  SKIPs: 1350 | 1350/2839 (47.6%) | Falhas: 0
[13:34:24] ⏭️  SKIPs: 1400 | 1400/2839 (49.3%) | Falhas: 0
[13:34:24] ⏭️  SKIPs: 1450 | 1450/2839 (51.1%) | Falhas: 0
[13:34:24] ⏭️  SKIPs: 1500 | 1500/2839 (52.8%) | Falhas: 0
[13:34:24] ⏭️  SKIPs: 1550 | 1550/2839 (54.6%) | Falhas: 0
[13:34:24] ⏭️  SKIPs: 1600 | 1600/2839 (56.4%) | Falhas: 0
[13:34:24] ⏭️  SKIPs: 1650 | 1650/2839 (58.1%) | Falhas: 0
[13:34:24] ⏭️  SKIPs: 1700 | 1700/2839 (59.9%) | Falhas: 0
[13:34:24] ✅ SUCESSO | 15844805000012016 | E2 | 1715/2839 (60.4%) | Falhas: 0
[13:34:24] ✅ SUCESSO | 15844805000022016 | E2 | 1716/2839 (60.4%) | Falhas: 0
[13:34:24] ✅ SUCESSO | 15844805000022017 | E2 | 1717/2839 (60.5%) | Falhas: 0
[13:34:24] ✅ SUCESSO | 15844805000012017 | E2 | 1718/2839 (60.5%) | Falhas: 0
[13:34:24] ✅ SUCESSO | 15844805000042019 | E2 | 1719/2839 (60.5%) | Falhas: 0
[13:34:24] ✅ SUCESSO | 15844805000082019 | E2 | 1720/2839 (60.6%) | Falhas: 0
[13:34:25] ✅ SUCESSO | 15844805000012019 | E2 | 1721/2839 (60.6%) | Falhas: 0
[13:34:25] ✅ SUCESSO | 15844805000052019 | E2 | 1722/2839 (60.7%) | Falhas: 0
[13:34:25] ✅ SUCESSO | 15844805000032019 | E2 | 1723/2839 (60.7%) | Falhas: 0
[13:34:25] ✅ SUCESSO | 15844805000072019 | E2 | 1724/2839 (60.7%) | Falhas: 0
[13:34:25] ✅ SUCESSO | 15844805000012018 | E2 | 1725/2839 (60.8%) | Falhas: 0
[13:34:25] ✅ SUCESSO | 15844805000062019 | E2 | 1726/2839 (60.8%) | Falhas: 0
[13:34:25] ✅ SUCESSO | 15844805000012020 | E2 | 1727/2839 (60.8%) | Falhas: 0
[13:34:25] ✅ SUCESSO | 15844805000042020 | E2 | 1728/2839 (60.9%) | Falhas: 0
[13:34:25] ✅ SUCESSO | 15844805000032020 | E2 | 1729/2839 (60.9%) | Falhas: 0
[13:34:25] ✅ SUCESSO | 15845005000012016 | E2 | 1730/2839 (60.9%) | Falhas: 0
[13:34:26] ✅ SUCESSO | 15845005000042015 | E2 | 1731/2839 (61.0%) | Falhas: 0
[13:34:26] ✅ SUCESSO | 15845005000042016 | E2 | 1732/2839 (61.0%) | Falhas: 0
[13:34:26] ✅ SUCESSO | 15845005000032017 | E2 | 1733/2839 (61.0%) | Falhas: 0
[13:34:26] ✅ SUCESSO | 15845005000042017 | E2 | 1734/2839 (61.1%) | Falhas: 0
[13:34:26] ✅ SUCESSO | 15845005000012017 | E2 | 1735/2839 (61.1%) | Falhas: 0
[13:34:26] ✅ SUCESSO | 15845005000092016 | E2 | 1736/2839 (61.1%) | Falhas: 0
[13:34:27] ✅ SUCESSO | 15845005000022018 | E2 | 1737/2839 (61.2%) | Falhas: 0
[13:34:27] ✅ SUCESSO | 15845005000082018 | E2 | 1738/2839 (61.2%) | Falhas: 0
[13:34:27] ✅ SUCESSO | 15845005000012018 | E2 | 1739/2839 (61.3%) | Falhas: 0
[13:34:27] ✅ SUCESSO | 15845005000092018 | E2 | 1740/2839 (61.3%) | Falhas: 0
[13:34:27] ✅ SUCESSO | 15845005000012019 | E2 | 1741/2839 (61.3%) | Falhas: 0
[13:34:27] ✅ SUCESSO | 15845005000022019 | E2 | 1742/2839 (61.4%) | Falhas: 0
[13:34:28] ✅ SUCESSO | 15845005000052019 | E2 | 1743/2839 (61.4%) | Falhas: 0
[13:34:28] ✅ SUCESSO | 15845005000032019 | E2 | 1744/2839 (61.4%) | Falhas: 0
[13:34:28] ✅ SUCESSO | 15845005000062019 | E2 | 1745/2839 (61.5%) | Falhas: 0
[13:34:28] ✅ SUCESSO | 15845005000012020 | E2 | 1746/2839 (61.5%) | Falhas: 0
[13:34:28] ✅ SUCESSO | 15845005000042020 | E2 | 1747/2839 (61.5%) | Falhas: 0
[13:34:28] ✅ SUCESSO | 15845005000022020 | E2 | 1748/2839 (61.6%) | Falhas: 0
[13:34:28] ✅ SUCESSO | 15845005000062020 | E2 | 1749/2839 (61.6%) | Falhas: 0
[13:34:29] ✅ SUCESSO | 15845005000032020 | E2 | 1750/2839 (61.6%) | Falhas: 0
[13:34:29] ✅ SUCESSO | 15844903000012016 | E2 | 1751/2839 (61.7%) | Falhas: 0
[13:34:29] ✅ SUCESSO | 15845005000072020 | E2 | 1752/2839 (61.7%) | Falhas: 0
[13:34:29] ✅ SUCESSO | 15844905000022016 | E2 | 1753/2839 (61.7%) | Falhas: 0
[13:34:29] ✅ SUCESSO | 15844903000022016 | E2 | 1754/2839 (61.8%) | Falhas: 0
[13:34:30] ✅ SUCESSO | 15844905000032016 | E2 | 1755/2839 (61.8%) | Falhas: 0
[13:34:30] ✅ SUCESSO | 15844905000162016 | E2 | 1756/2839 (61.9%) | Falhas: 0
[13:34:30] ✅ SUCESSO | 15844905000152016 | E2 | 1757/2839 (61.9%) | Falhas: 0
[13:34:30] ✅ SUCESSO | 15844905000062017 | E2 | 1758/2839 (61.9%) | Falhas: 0
[13:34:30] ✅ SUCESSO | 15844905000082017 | E2 | 1759/2839 (62.0%) | Falhas: 0
[13:34:30] ✅ SUCESSO | 15844905000102017 | E2 | 1760/2839 (62.0%) | Falhas: 0
[13:34:30] ✅ SUCESSO | 15844905000012017 | E2 | 1761/2839 (62.0%) | Falhas: 0
[13:34:30] ✅ SUCESSO | 15844905000092017 | E2 | 1762/2839 (62.1%) | Falhas: 0
[13:34:31] ✅ SUCESSO | 15844905000042017 | E2 | 1763/2839 (62.1%) | Falhas: 0
[13:34:31] ✅ SUCESSO | 15844905000022017 | E2 | 1764/2839 (62.1%) | Falhas: 0
[13:34:31] ✅ SUCESSO | 15844905000052017 | E2 | 1765/2839 (62.2%) | Falhas: 0
[13:34:31] ✅ SUCESSO | 15844905000032017 | E2 | 1766/2839 (62.2%) | Falhas: 0
[13:34:31] ✅ SUCESSO | 15844905000022018 | E2 | 1767/2839 (62.2%) | Falhas: 0
[13:34:31] ✅ SUCESSO | 15844905000072017 | E2 | 1768/2839 (62.3%) | Falhas: 0
[13:34:31] ✅ SUCESSO | 15844905000042018 | E2 | 1769/2839 (62.3%) | Falhas: 0
[13:34:31] ✅ SUCESSO | 15844905000052018 | E2 | 1770/2839 (62.3%) | Falhas: 0
[13:34:31] ✅ SUCESSO | 15844905000032018 | E2 | 1771/2839 (62.4%) | Falhas: 0
[13:34:31] ✅ SUCESSO | 15844905000102018 | E2 | 1772/2839 (62.4%) | Falhas: 0
[13:34:31] ✅ SUCESSO | 15844905000062018 | E2 | 1773/2839 (62.5%) | Falhas: 0
[13:34:32] ✅ SUCESSO | 15844905000122018 | E2 | 1774/2839 (62.5%) | Falhas: 0
[13:34:32] ✅ SUCESSO | 15844905000112018 | E2 | 1775/2839 (62.5%) | Falhas: 0
[13:34:47] ✅ SUCESSO | 15844905000082018 | E2 | 1776/2839 (62.6%) | Falhas: 0
[13:34:47] ✅ SUCESSO | 15844905000072018 | E2 | 1777/2839 (62.6%) | Falhas: 0
[13:34:47] ✅ SUCESSO | 15844905000092018 | E2 | 1778/2839 (62.6%) | Falhas: 0
[13:34:47] ✅ SUCESSO | 15844905000032019 | E2 | 1779/2839 (62.7%) | Falhas: 0
[13:34:47] ✅ SUCESSO | 15844905000042019 | E2 | 1780/2839 (62.7%) | Falhas: 0
[13:34:48] ✅ SUCESSO | 15844905000122019 | E2 | 1781/2839 (62.7%) | Falhas: 0
[13:34:48] ✅ SUCESSO | 15844905000132019 | E2 | 1782/2839 (62.8%) | Falhas: 0
[13:34:48] ✅ SUCESSO | 15844905000012018 | E2 | 1783/2839 (62.8%) | Falhas: 0
[13:34:48] ✅ SUCESSO | 15844905000082019 | E2 | 1784/2839 (62.8%) | Falhas: 0
[13:34:48] ✅ SUCESSO | 15844905000092019 | E2 | 1785/2839 (62.9%) | Falhas: 0
[13:34:48] ✅ SUCESSO | 15844905000072019 | E2 | 1786/2839 (62.9%) | Falhas: 0
[13:34:48] ✅ SUCESSO | 15844905000062019 | E2 | 1787/2839 (62.9%) | Falhas: 0
[13:34:48] ✅ SUCESSO | 15844905000022019 | E2 | 1788/2839 (63.0%) | Falhas: 0
[13:34:48] ✅ SUCESSO | 15844905000102019 | E2 | 1789/2839 (63.0%) | Falhas: 0
[13:35:03] ✅ SUCESSO | 15844905000012019 | E2 | 1790/2839 (63.1%) | Falhas: 0
[13:35:04] ✅ SUCESSO | 15844905000052019 | E2 | 1791/2839 (63.1%) | Falhas: 0
[13:35:04] ✅ SUCESSO | 15844905000112019 | E2 | 1792/2839 (63.1%) | Falhas: 0
[13:35:04] ✅ SUCESSO | 15844905000012020 | E2 | 1793/2839 (63.2%) | Falhas: 0
[13:35:04] ✅ SUCESSO | 15844905000052020 | E2 | 1794/2839 (63.2%) | Falhas: 0
[13:35:04] ✅ SUCESSO | 15845105000142015 | E2 | 1795/2839 (63.2%) | Falhas: 0
[13:35:04] ✅ SUCESSO | 15845105000132015 | E2 | 1796/2839 (63.3%) | Falhas: 0
[13:35:04] ✅ SUCESSO | 15845105000012016 | E2 | 1797/2839 (63.3%) | Falhas: 0
[13:35:04] ✅ SUCESSO | 15845103000012016 | E2 | 1798/2839 (63.3%) | Falhas: 0
[13:35:04] ✅ SUCESSO | 15845105000022016 | E2 | 1799/2839 (63.4%) | Falhas: 0
[13:35:04] ✅ SUCESSO | 15845105000012017 | E2 | 1800/2839 (63.4%) | Falhas: 0
[13:35:05] ✅ SUCESSO | 15845105000092017 | E2 | 1801/2839 (63.4%) | Falhas: 0
[13:35:05] ✅ SUCESSO | 15845105000052017 | E2 | 1802/2839 (63.5%) | Falhas: 0
[13:35:05] ✅ SUCESSO | 15845105000022017 | E2 | 1803/2839 (63.5%) | Falhas: 0
[13:35:05] ✅ SUCESSO | 15845105000082017 | E2 | 1804/2839 (63.5%) | Falhas: 0
[13:35:05] ✅ SUCESSO | 15845105000072017 | E2 | 1805/2839 (63.6%) | Falhas: 0
[13:35:20] ✅ SUCESSO | 15845105000042017 | E2 | 1806/2839 (63.6%) | Falhas: 0
[13:35:20] ✅ SUCESSO | 15845105000032017 | E2 | 1807/2839 (63.6%) | Falhas: 0
[13:35:20] ✅ SUCESSO | 15845105000142017 | E2 | 1808/2839 (63.7%) | Falhas: 0
[13:35:20] ✅ SUCESSO | 15845105000162017 | E2 | 1809/2839 (63.7%) | Falhas: 0
[13:35:21] ✅ SUCESSO | 15845105000132017 | E2 | 1810/2839 (63.8%) | Falhas: 0
[13:35:21] ✅ SUCESSO | 15845105000012018 | E2 | 1811/2839 (63.8%) | Falhas: 0
[13:35:21] ✅ SUCESSO | 15845105000152017 | E2 | 1812/2839 (63.8%) | Falhas: 0
[13:35:21] ✅ SUCESSO | 15845105000112017 | E2 | 1813/2839 (63.9%) | Falhas: 0
[13:35:21] ✅ SUCESSO | 15845105000122017 | E2 | 1814/2839 (63.9%) | Falhas: 0
[13:35:37] ✅ SUCESSO | 15845105000042018 | E2 | 1815/2839 (63.9%) | Falhas: 0
[13:35:37] ✅ SUCESSO | 15845105000022018 | E2 | 1816/2839 (64.0%) | Falhas: 0
[13:35:37] ✅ SUCESSO | 15845105000052018 | E2 | 1817/2839 (64.0%) | Falhas: 0
[13:35:37] ✅ SUCESSO | 15845105000072018 | E2 | 1818/2839 (64.0%) | Falhas: 0
[13:35:37] ✅ SUCESSO | 15845105000102018 | E2 | 1819/2839 (64.1%) | Falhas: 0
[13:35:37] ✅ SUCESSO | 15845105000092018 | E2 | 1820/2839 (64.1%) | Falhas: 0
[13:35:37] ✅ SUCESSO | 15845105000112018 | E2 | 1821/2839 (64.1%) | Falhas: 0
[13:35:37] ✅ SUCESSO | 15845105000062018 | E2 | 1822/2839 (64.2%) | Falhas: 0
[13:35:37] ✅ SUCESSO | 15845105000082018 | E2 | 1823/2839 (64.2%) | Falhas: 0
[13:35:37] ✅ SUCESSO | 15845105000012019 | E2 | 1824/2839 (64.2%) | Falhas: 0
[13:35:37] ✅ SUCESSO | 15845105000032019 | E2 | 1825/2839 (64.3%) | Falhas: 0
[13:35:38] ✅ SUCESSO | 15845105000052019 | E2 | 1826/2839 (64.3%) | Falhas: 0
[13:35:38] ✅ SUCESSO | 15845105000042019 | E2 | 1827/2839 (64.4%) | Falhas: 0
[13:35:38] ✅ SUCESSO | 15845105000022019 | E2 | 1828/2839 (64.4%) | Falhas: 0
[13:35:38] ✅ SUCESSO | 15845105000082019 | E2 | 1829/2839 (64.4%) | Falhas: 0
[13:35:38] ✅ SUCESSO | 15845105000092019 | E2 | 1830/2839 (64.5%) | Falhas: 0
[13:35:38] ✅ SUCESSO | 15845105000012020 | E2 | 1831/2839 (64.5%) | Falhas: 0
[13:35:38] ✅ SUCESSO | 15845105000022020 | E2 | 1832/2839 (64.5%) | Falhas: 0
[13:35:38] ✅ SUCESSO | 15845105000042020 | E2 | 1833/2839 (64.6%) | Falhas: 0
[13:35:38] ✅ SUCESSO | 15845105000062020 | E2 | 1834/2839 (64.6%) | Falhas: 0
[13:35:38] ✅ SUCESSO | 15845105000032020 | E2 | 1835/2839 (64.6%) | Falhas: 0
[13:35:38] ✅ SUCESSO | 15845105000052020 | E2 | 1836/2839 (64.7%) | Falhas: 0
[13:35:39] ✅ SUCESSO | 15845102000012020 | E2 | 1837/2839 (64.7%) | Falhas: 0
[13:35:39] ✅ SUCESSO | 15845105000082020 | E2 | 1838/2839 (64.7%) | Falhas: 0
[13:35:39] ✅ SUCESSO | 15845105000072020 | E2 | 1839/2839 (64.8%) | Falhas: 0
[13:35:39] ✅ SUCESSO | 15845105000092020 | E2 | 1840/2839 (64.8%) | Falhas: 0
[13:35:39] ✅ SUCESSO | 15584805000012017 | E2 | 1841/2839 (64.8%) | Falhas: 0
[13:35:39] ✅ SUCESSO | 15584805000032017 | E2 | 1842/2839 (64.9%) | Falhas: 0
[13:35:39] ✅ SUCESSO | 15584805000022017 | E2 | 1843/2839 (64.9%) | Falhas: 0
[13:35:39] ✅ SUCESSO | 15584805000052017 | E2 | 1844/2839 (65.0%) | Falhas: 0
[13:35:39] ✅ SUCESSO | 15584805000042017 | E2 | 1845/2839 (65.0%) | Falhas: 0
[13:35:39] ✅ SUCESSO | 15584805000072017 | E2 | 1846/2839 (65.0%) | Falhas: 0
[13:35:39] ✅ SUCESSO | 15584805000062017 | E2 | 1847/2839 (65.1%) | Falhas: 0
[13:35:40] ✅ SUCESSO | 15584805000092017 | E2 | 1848/2839 (65.1%) | Falhas: 0
[13:35:40] ✅ SUCESSO | 15584805000112017 | E2 | 1849/2839 (65.1%) | Falhas: 0
[13:35:40] ✅ SUCESSO | 15584805000102017 | E2 | 1850/2839 (65.2%) | Falhas: 0
[13:35:40] ✅ SUCESSO | 15584805000012018 | E2 | 1851/2839 (65.2%) | Falhas: 0
[13:35:40] ✅ SUCESSO | 15584805000022018 | E2 | 1852/2839 (65.2%) | Falhas: 0
[13:35:40] ✅ SUCESSO | 15584805000032018 | E2 | 1853/2839 (65.3%) | Falhas: 0
[13:35:40] ✅ SUCESSO | 15584805000042018 | E2 | 1854/2839 (65.3%) | Falhas: 0
[13:35:40] ✅ SUCESSO | 15584805000072018 | E2 | 1855/2839 (65.3%) | Falhas: 0
[13:35:40] ✅ SUCESSO | 15584805000012019 | E2 | 1856/2839 (65.4%) | Falhas: 0
[13:35:40] ✅ SUCESSO | 15584805000042019 | E2 | 1857/2839 (65.4%) | Falhas: 0
[13:35:41] ✅ SUCESSO | 15584805000022019 | E2 | 1858/2839 (65.4%) | Falhas: 0
[13:35:41] ✅ SUCESSO | 15584805000032019 | E2 | 1859/2839 (65.5%) | Falhas: 0
[13:35:41] ✅ SUCESSO | 15584801000012020 | E2 | 1860/2839 (65.5%) | Falhas: 0
[13:35:41] ✅ SUCESSO | 15584802000012020 | E2 | 1861/2839 (65.6%) | Falhas: 0
[13:35:41] ✅ SUCESSO | 15585005000012019 | E2 | 1862/2839 (65.6%) | Falhas: 0
[13:35:41] ✅ SUCESSO | 15584805000012020 | E2 | 1863/2839 (65.6%) | Falhas: 0
[13:35:41] ✅ SUCESSO | 15845205000072015 | E2 | 1864/2839 (65.7%) | Falhas: 0
[13:35:41] ✅ SUCESSO | 15845205000042016 | E2 | 1865/2839 (65.7%) | Falhas: 0
[13:35:41] ✅ SUCESSO | 15845205000022016 | E2 | 1866/2839 (65.7%) | Falhas: 0
[13:35:41] ✅ SUCESSO | 15845205000012016 | E2 | 1867/2839 (65.8%) | Falhas: 0
[13:35:42] ✅ SUCESSO | 15845205000022017 | E2 | 1868/2839 (65.8%) | Falhas: 0
[13:35:42] ✅ SUCESSO | 15845205000012017 | E2 | 1869/2839 (65.8%) | Falhas: 0
[13:35:42] ✅ SUCESSO | 15845205000032016 | E2 | 1870/2839 (65.9%) | Falhas: 0
[13:35:42] ✅ SUCESSO | 15845205000032018 | E2 | 1871/2839 (65.9%) | Falhas: 0
[13:35:42] ✅ SUCESSO | 15845205000012018 | E2 | 1872/2839 (65.9%) | Falhas: 0
[13:35:42] ✅ SUCESSO | 15845205000042018 | E2 | 1873/2839 (66.0%) | Falhas: 0
[13:35:42] ✅ SUCESSO | 15845205000012019 | E2 | 1874/2839 (66.0%) | Falhas: 0
[13:35:42] ✅ SUCESSO | 15845205000022019 | E2 | 1875/2839 (66.0%) | Falhas: 0
[13:35:42] ✅ SUCESSO | 15845205000032019 | E2 | 1876/2839 (66.1%) | Falhas: 0
[13:35:57] ✅ SUCESSO | 15845205000072019 | E2 | 1877/2839 (66.1%) | Falhas: 0
[13:35:58] ✅ SUCESSO | 15845205000042019 | E2 | 1878/2839 (66.2%) | Falhas: 0
[13:35:58] ✅ SUCESSO | 15845205000062019 | E2 | 1879/2839 (66.2%) | Falhas: 0
[13:35:58] ✅ SUCESSO | 15845205000012020 | E2 | 1880/2839 (66.2%) | Falhas: 0
[13:35:58] ✅ SUCESSO | 15845205000022020 | E2 | 1881/2839 (66.3%) | Falhas: 0
[13:35:58] ✅ SUCESSO | 15845205000032020 | E2 | 1882/2839 (66.3%) | Falhas: 0
[13:35:58] ✅ SUCESSO | 15584903000012017 | E2 | 1883/2839 (66.3%) | Falhas: 0
[13:35:58] ✅ SUCESSO | 15584905000022018 | E2 | 1884/2839 (66.4%) | Falhas: 0
[13:35:58] ✅ SUCESSO | 15584905000032018 | E2 | 1885/2839 (66.4%) | Falhas: 0
[13:35:58] ✅ SUCESSO | 15584905000042018 | E2 | 1886/2839 (66.4%) | Falhas: 0
[13:35:58] ✅ SUCESSO | 15584905000052018 | E2 | 1887/2839 (66.5%) | Falhas: 0
[13:35:58] ✅ SUCESSO | 15584905000052019 | E2 | 1888/2839 (66.5%) | Falhas: 0
[13:35:58] ✅ SUCESSO | 15584905000032019 | E2 | 1889/2839 (66.5%) | Falhas: 0
[13:36:14] ✅ SUCESSO | 15584905000062019 | E2 | 1890/2839 (66.6%) | Falhas: 0
[13:36:14] ✅ SUCESSO | 15584905000012019 | E2 | 1891/2839 (66.6%) | Falhas: 0
[13:36:14] ✅ SUCESSO | 15584905000022019 | E2 | 1892/2839 (66.6%) | Falhas: 0
[13:36:14] ✅ SUCESSO | 15584905000072019 | E2 | 1893/2839 (66.7%) | Falhas: 0
[13:36:14] ✅ SUCESSO | 15584905000042019 | E2 | 1894/2839 (66.7%) | Falhas: 0
[13:36:15] ✅ SUCESSO | 15584905000012020 | E2 | 1895/2839 (66.7%) | Falhas: 0
[13:36:15] ✅ SUCESSO | 15584905000022020 | E2 | 1896/2839 (66.8%) | Falhas: 0
[13:36:15] ✅ SUCESSO | 15845305000012016 | E2 | 1897/2839 (66.8%) | Falhas: 0
[13:36:15] ✅ SUCESSO | 15845305000042016 | E2 | 1898/2839 (66.9%) | Falhas: 0
[13:36:15] ✅ SUCESSO | 15845305000062016 | E2 | 1899/2839 (66.9%) | Falhas: 0
[13:36:15] ✅ SUCESSO | 15845305000032016 | E2 | 1900/2839 (66.9%) | Falhas: 0
[13:36:15] ✅ SUCESSO | 15845305000082016 | E2 | 1901/2839 (67.0%) | Falhas: 0
[13:36:15] ✅ SUCESSO | 15845305000072016 | E2 | 1902/2839 (67.0%) | Falhas: 0
[13:36:15] ✅ SUCESSO | 15845305000092016 | E2 | 1903/2839 (67.0%) | Falhas: 0
[13:36:16] ✅ SUCESSO | 15845305000112016 | E2 | 1904/2839 (67.1%) | Falhas: 0
[13:36:16] ✅ SUCESSO | 15845305000102016 | E2 | 1905/2839 (67.1%) | Falhas: 0
[13:36:31] ✅ SUCESSO | 15845305000022017 | E2 | 1906/2839 (67.1%) | Falhas: 0
[13:36:31] ✅ SUCESSO | 15845305000032017 | E2 | 1907/2839 (67.2%) | Falhas: 0
[13:36:32] ✅ SUCESSO | 15845305000012018 | E2 | 1908/2839 (67.2%) | Falhas: 0
[13:36:32] ✅ SUCESSO | 15845305000032018 | E2 | 1909/2839 (67.2%) | Falhas: 0
[13:36:32] ✅ SUCESSO | 15845305000022018 | E2 | 1910/2839 (67.3%) | Falhas: 0
[13:36:32] ✅ SUCESSO | 15845305000042017 | E2 | 1911/2839 (67.3%) | Falhas: 0
[13:36:32] ✅ SUCESSO | 15845305000042018 | E2 | 1912/2839 (67.3%) | Falhas: 0
[13:36:32] ✅ SUCESSO | 15845305000062018 | E2 | 1913/2839 (67.4%) | Falhas: 0
[13:36:33] ✅ SUCESSO | 15845305000052018 | E2 | 1914/2839 (67.4%) | Falhas: 0
[13:36:48] ✅ SUCESSO | 15845305000072018 | E2 | 1915/2839 (67.5%) | Falhas: 0
[13:36:48] ✅ SUCESSO | 15845305000082018 | E2 | 1916/2839 (67.5%) | Falhas: 0
[13:36:48] ✅ SUCESSO | 15845305000022019 | E2 | 1917/2839 (67.5%) | Falhas: 0
[13:36:48] ✅ SUCESSO | 15845305000012019 | E2 | 1918/2839 (67.6%) | Falhas: 0
[13:36:48] ✅ SUCESSO | 15845305000012020 | E2 | 1919/2839 (67.6%) | Falhas: 0
[13:36:48] ✅ SUCESSO | 15845305000042020 | E2 | 1920/2839 (67.6%) | Falhas: 0
[13:36:48] ✅ SUCESSO | 15845305000062020 | E2 | 1921/2839 (67.7%) | Falhas: 0
[13:36:49] ✅ SUCESSO | 15845305000022020 | E2 | 1922/2839 (67.7%) | Falhas: 0
[13:36:49] ✅ SUCESSO | 15845305000032020 | E2 | 1923/2839 (67.7%) | Falhas: 0
[13:36:49] ✅ SUCESSO | 15845305000072020 | E2 | 1924/2839 (67.8%) | Falhas: 0
[13:36:49] ✅ SUCESSO | 15813205000142015 | E2 | 1925/2839 (67.8%) | Falhas: 0
[13:36:49] ✅ SUCESSO | 15845305000052020 | E2 | 1926/2839 (67.8%) | Falhas: 0
[13:36:49] ✅ SUCESSO | 15813205000232015 | E2 | 1927/2839 (67.9%) | Falhas: 0
[13:36:49] ✅ SUCESSO | 15813205000042016 | E2 | 1928/2839 (67.9%) | Falhas: 0
[13:36:49] ✅ SUCESSO | 15813205000102015 | E2 | 1929/2839 (67.9%) | Falhas: 0
[13:36:49] ✅ SUCESSO | 15813205000142016 | E2 | 1930/2839 (68.0%) | Falhas: 0
[13:36:49] ✅ SUCESSO | 15813205000082016 | E2 | 1931/2839 (68.0%) | Falhas: 0
[13:36:50] ✅ SUCESSO | 15813205000252015 | E2 | 1932/2839 (68.1%) | Falhas: 0
[13:36:50] ✅ SUCESSO | 15813205000132016 | E2 | 1933/2839 (68.1%) | Falhas: 0
[13:36:50] ✅ SUCESSO | 15813205000262015 | E2 | 1934/2839 (68.1%) | Falhas: 0
[13:36:50] ✅ SUCESSO | 15813205000012016 | E2 | 1935/2839 (68.2%) | Falhas: 0
[13:36:50] ✅ SUCESSO | 15813205000092016 | E2 | 1936/2839 (68.2%) | Falhas: 0
[13:36:50] ✅ SUCESSO | 15813205000182015 | E2 | 1937/2839 (68.2%) | Falhas: 0
[13:36:50] ✅ SUCESSO | 15813205000212015 | E2 | 1938/2839 (68.3%) | Falhas: 0
[13:36:50] ✅ SUCESSO | 15813203000022016 | E2 | 1939/2839 (68.3%) | Falhas: 0
[13:36:50] ✅ SUCESSO | 15813205000062016 | E2 | 1940/2839 (68.3%) | Falhas: 0
[13:36:50] ✅ SUCESSO | 15813205000202016 | E2 | 1941/2839 (68.4%) | Falhas: 0
[13:36:51] ✅ SUCESSO | 15813205000162016 | E2 | 1942/2839 (68.4%) | Falhas: 0
[13:36:51] ✅ SUCESSO | 15813205000202015 | E2 | 1943/2839 (68.4%) | Falhas: 0
[13:36:51] ✅ SUCESSO | 15813203000012016 | E2 | 1944/2839 (68.5%) | Falhas: 0
[13:36:51] ✅ SUCESSO | 15813205000022016 | E2 | 1945/2839 (68.5%) | Falhas: 0
[13:36:51] ✅ SUCESSO | 15813205000032017 | E2 | 1946/2839 (68.5%) | Falhas: 0
[13:36:51] ✅ SUCESSO | 15813205000172016 | E2 | 1947/2839 (68.6%) | Falhas: 0
[13:36:51] ✅ SUCESSO | 15813205000032016 | E2 | 1948/2839 (68.6%) | Falhas: 0
[13:36:51] ✅ SUCESSO | 15813203000022017 | E2 | 1949/2839 (68.7%) | Falhas: 0
[13:36:51] ✅ SUCESSO | 15813205000012017 | E2 | 1950/2839 (68.7%) | Falhas: 0
[13:36:51] ✅ SUCESSO | 15813203000012017 | E2 | 1951/2839 (68.7%) | Falhas: 0
[13:36:51] ✅ SUCESSO | 15813203000032017 | E2 | 1952/2839 (68.8%) | Falhas: 0
[13:36:52] ✅ SUCESSO | 15813205000022017 | E2 | 1953/2839 (68.8%) | Falhas: 0
[13:36:52] ✅ SUCESSO | 15813205000132017 | E2 | 1954/2839 (68.8%) | Falhas: 0
[13:36:52] ✅ SUCESSO | 15813203000032018 | E2 | 1955/2839 (68.9%) | Falhas: 0
[13:36:52] ✅ SUCESSO | 15813203000022018 | E2 | 1956/2839 (68.9%) | Falhas: 0
[13:36:52] ✅ SUCESSO | 15813205000022018 | E2 | 1957/2839 (68.9%) | Falhas: 0
[13:36:52] ✅ SUCESSO | 15813205000112017 | E2 | 1958/2839 (69.0%) | Falhas: 0
[13:36:52] ✅ SUCESSO | 15813205000072018 | E2 | 1959/2839 (69.0%) | Falhas: 0
[13:36:52] ✅ SUCESSO | 15813203000052018 | E2 | 1960/2839 (69.0%) | Falhas: 0
[13:36:52] ✅ SUCESSO | 15813201000012018 | E2 | 1961/2839 (69.1%) | Falhas: 0
[13:36:52] ✅ SUCESSO | 15813203000012018 | E2 | 1962/2839 (69.1%) | Falhas: 0
[13:36:52] ✅ SUCESSO | 15813203000042018 | E2 | 1963/2839 (69.1%) | Falhas: 0
[13:36:53] ✅ SUCESSO | 15813202000042019 | E2 | 1964/2839 (69.2%) | Falhas: 0
[13:36:53] ✅ SUCESSO | 15813202000012019 | E2 | 1965/2839 (69.2%) | Falhas: 0
[13:36:53] ✅ SUCESSO | 15813205000012018 | E2 | 1966/2839 (69.2%) | Falhas: 0
[13:36:53] ✅ SUCESSO | 15813201000012019 | E2 | 1967/2839 (69.3%) | Falhas: 0
[13:36:53] ✅ SUCESSO | 15813202000022019 | E2 | 1968/2839 (69.3%) | Falhas: 0
[13:36:53] ✅ SUCESSO | 15813201000022019 | E2 | 1969/2839 (69.4%) | Falhas: 0
[13:36:53] ✅ SUCESSO | 15813202000012020 | E2 | 1970/2839 (69.4%) | Falhas: 0
[13:36:53] ✅ SUCESSO | 15813205000012019 | E2 | 1971/2839 (69.4%) | Falhas: 0
[13:36:54] ✅ SUCESSO | 15813202000032019 | E2 | 1972/2839 (69.5%) | Falhas: 0
[13:36:54] ✅ SUCESSO | 15813205000012020 | E2 | 1973/2839 (69.5%) | Falhas: 0
[13:36:54] ✅ SUCESSO | 15813205000022020 | E2 | 1974/2839 (69.5%) | Falhas: 0
[13:36:54] ✅ SUCESSO | 15813205000082021 | E2 | 1975/2839 (69.6%) | Falhas: 0
[13:36:54] ✅ SUCESSO | 15813205000122021 | E2 | 1976/2839 (69.6%) | Falhas: 0
[13:37:09] ✅ SUCESSO | 15813205000042021 | E2 | 1977/2839 (69.6%) | Falhas: 0
[13:37:10] ✅ SUCESSO | 15813205000102021 | E2 | 1978/2839 (69.7%) | Falhas: 0
[13:37:10] ✅ SUCESSO | 15813202000032021 | E2 | 1979/2839 (69.7%) | Falhas: 0
[13:37:10] ✅ SUCESSO | 15813205000032021 | E2 | 1980/2839 (69.7%) | Falhas: 0
[13:37:10] ✅ SUCESSO | 15813205000012021 | E2 | 1981/2839 (69.8%) | Falhas: 0
[13:37:10] ✅ SUCESSO | 15813205000162021 | E2 | 1982/2839 (69.8%) | Falhas: 0
[13:37:10] ✅ SUCESSO | 15813205000192021 | E2 | 1983/2839 (69.8%) | Falhas: 0
[13:37:10] ✅ SUCESSO | 15813205000052021 | E2 | 1984/2839 (69.9%) | Falhas: 0
[13:37:10] ✅ SUCESSO | 15813205000022021 | E2 | 1985/2839 (69.9%) | Falhas: 0
[13:37:10] ✅ SUCESSO | 15813205000172021 | E2 | 1986/2839 (70.0%) | Falhas: 0
[13:37:11] ✅ SUCESSO | 15813205000072021 | E2 | 1987/2839 (70.0%) | Falhas: 0
[13:37:11] ✅ SUCESSO | 15813202000022021 | E2 | 1988/2839 (70.0%) | Falhas: 0
[13:37:11] ✅ SUCESSO | 15813205000092021 | E2 | 1989/2839 (70.1%) | Falhas: 0
[13:37:27] ✅ SUCESSO | 15813205000212022 | E2 | 1990/2839 (70.1%) | Falhas: 0
[13:37:27] ✅ SUCESSO | 15813205000062021 | E2 | 1991/2839 (70.1%) | Falhas: 0
[13:37:27] ✅ SUCESSO | 15813205000332022 | E2 | 1992/2839 (70.2%) | Falhas: 0
[13:37:27] ✅ SUCESSO | 15813205000092022 | E2 | 1993/2839 (70.2%) | Falhas: 0
[13:37:27] ✅ SUCESSO | 15813205000112022 | E2 | 1994/2839 (70.2%) | Falhas: 0
[13:37:27] ✅ SUCESSO | 15813299000062022 | E2 | 1995/2839 (70.3%) | Falhas: 0
[13:37:28] ✅ SUCESSO | 15813205000292022 | E2 | 1996/2839 (70.3%) | Falhas: 0
[13:37:28] ✅ SUCESSO | 15813205000322022 | E2 | 1997/2839 (70.3%) | Falhas: 0
[13:37:28] ✅ SUCESSO | 15813205000052022 | E2 | 1998/2839 (70.4%) | Falhas: 0
[13:37:28] ✅ SUCESSO | 15813299000122022 | E2 | 1999/2839 (70.4%) | Falhas: 0
[13:37:28] ✅ SUCESSO | 15813205000162022 | E2 | 2000/2839 (70.4%) | Falhas: 0
[13:37:28] ✅ SUCESSO | 15813299000012022 | E2 | 2001/2839 (70.5%) | Falhas: 0
[13:37:28] ✅ SUCESSO | 15813299000112022 | E2 | 2002/2839 (70.5%) | Falhas: 0
[13:37:28] ✅ SUCESSO | 15813205000232021 | E2 | 2003/2839 (70.6%) | Falhas: 0
[13:37:28] ✅ SUCESSO | 15813205000062022 | E2 | 2004/2839 (70.6%) | Falhas: 0
[13:37:29] ✅ SUCESSO | 15813205000262022 | E2 | 2005/2839 (70.6%) | Falhas: 0
[13:37:44] ✅ SUCESSO | 15813299000082022 | E2 | 2006/2839 (70.7%) | Falhas: 0
[13:37:44] ✅ SUCESSO | 15813205000102022 | E2 | 2007/2839 (70.7%) | Falhas: 0
[13:37:44] ✅ SUCESSO | 15813205000242022 | E2 | 2008/2839 (70.7%) | Falhas: 0
[13:37:44] ✅ SUCESSO | 15813205000352022 | E2 | 2009/2839 (70.8%) | Falhas: 0
[13:37:44] ✅ SUCESSO | 15813205000032022 | E2 | 2010/2839 (70.8%) | Falhas: 0
[13:37:45] ✅ SUCESSO | 15813299000102022 | E2 | 2011/2839 (70.8%) | Falhas: 0
[13:37:45] ✅ SUCESSO | 15813205000282022 | E2 | 2012/2839 (70.9%) | Falhas: 0
[13:37:45] ✅ SUCESSO | 15813205000142022 | E2 | 2013/2839 (70.9%) | Falhas: 0
[13:37:45] ✅ SUCESSO | 15813299000032022 | E2 | 2014/2839 (70.9%) | Falhas: 0
[13:38:00] ✅ SUCESSO | 15813205000172022 | E2 | 2015/2839 (71.0%) | Falhas: 0
[13:38:00] ✅ SUCESSO | 15813299000042022 | E2 | 2016/2839 (71.0%) | Falhas: 0
[13:38:00] ✅ SUCESSO | 15813205000122022 | E2 | 2017/2839 (71.0%) | Falhas: 0
[13:38:01] ✅ SUCESSO | 15813205000222022 | E2 | 2018/2839 (71.1%) | Falhas: 0
[13:38:01] ✅ SUCESSO | 15813205000342022 | E2 | 2019/2839 (71.1%) | Falhas: 0
[13:38:01] ✅ SUCESSO | 15813205000132022 | E2 | 2020/2839 (71.2%) | Falhas: 0
[13:38:01] ✅ SUCESSO | 15813205000202022 | E2 | 2021/2839 (71.2%) | Falhas: 0
[13:38:01] ✅ SUCESSO | 15813299000072022 | E2 | 2022/2839 (71.2%) | Falhas: 0
[13:38:01] ✅ SUCESSO | 15813299000022022 | E2 | 2023/2839 (71.3%) | Falhas: 0
[13:38:01] ✅ SUCESSO | 15813299000052022 | E2 | 2024/2839 (71.3%) | Falhas: 0
[13:38:02] ✅ SUCESSO | 15813205000152022 | E2 | 2025/2839 (71.3%) | Falhas: 0
[13:38:02] ✅ SUCESSO | 15813205000072022 | E2 | 2026/2839 (71.4%) | Falhas: 0
[13:38:02] ✅ SUCESSO | 15813205000302022 | E2 | 2027/2839 (71.4%) | Falhas: 0
[13:38:02] ✅ SUCESSO | 15813205000042022 | E2 | 2028/2839 (71.4%) | Falhas: 0
[13:38:02] ✅ SUCESSO | 15813299000092022 | E2 | 2029/2839 (71.5%) | Falhas: 0
[13:38:02] ✅ SUCESSO | 15813205000052023 | E2 | 2030/2839 (71.5%) | Falhas: 0
[13:38:02] ✅ SUCESSO | 15813205000102023 | E2 | 2031/2839 (71.5%) | Falhas: 0
[13:38:02] ✅ SUCESSO | 15813205000232023 | E2 | 2032/2839 (71.6%) | Falhas: 0
[13:38:02] ✅ SUCESSO | 15813205000122023 | E2 | 2033/2839 (71.6%) | Falhas: 0
[13:38:02] ✅ SUCESSO | 15813205000062023 | E2 | 2034/2839 (71.6%) | Falhas: 0
[13:38:02] ✅ SUCESSO | 15813205000082023 | E2 | 2035/2839 (71.7%) | Falhas: 0
[13:38:03] ✅ SUCESSO | 15813205000162023 | E2 | 2036/2839 (71.7%) | Falhas: 0
[13:38:03] ✅ SUCESSO | 15813299000012023 | E2 | 2037/2839 (71.8%) | Falhas: 0
[13:38:03] ✅ SUCESSO | 15813205000202023 | E2 | 2038/2839 (71.8%) | Falhas: 0
[13:38:03] ✅ SUCESSO | 15813205000132023 | E2 | 2039/2839 (71.8%) | Falhas: 0
[13:38:03] ✅ SUCESSO | 15813205000242023 | E2 | 2040/2839 (71.9%) | Falhas: 0
[13:38:03] ✅ SUCESSO | 15813205000252022 | E2 | 2041/2839 (71.9%) | Falhas: 0
[13:38:03] ✅ SUCESSO | 15813205000322023 | E2 | 2042/2839 (71.9%) | Falhas: 0
[13:38:03] ✅ SUCESSO | 15813205000172023 | E2 | 2043/2839 (72.0%) | Falhas: 0
[13:38:03] ✅ SUCESSO | 15813205000022023 | E2 | 2044/2839 (72.0%) | Falhas: 0
[13:38:03] ✅ SUCESSO | 15813205000112023 | E2 | 2045/2839 (72.0%) | Falhas: 0
[13:38:03] ✅ SUCESSO | 15813205000262023 | E2 | 2046/2839 (72.1%) | Falhas: 0
[13:38:04] ✅ SUCESSO | 15813205000282023 | E2 | 2047/2839 (72.1%) | Falhas: 0
[13:38:04] ✅ SUCESSO | 15813205000092023 | E2 | 2048/2839 (72.1%) | Falhas: 0
[13:38:04] ✅ SUCESSO | 15813205000212023 | E2 | 2049/2839 (72.2%) | Falhas: 0
[13:38:04] ✅ SUCESSO | 15813205000192023 | E2 | 2050/2839 (72.2%) | Falhas: 0
[13:38:04] ✅ SUCESSO | 15813205000032023 | E2 | 2051/2839 (72.2%) | Falhas: 0
[13:38:04] ✅ SUCESSO | 15813205000152023 | E2 | 2052/2839 (72.3%) | Falhas: 0
[13:38:04] ✅ SUCESSO | 15813205000142023 | E2 | 2053/2839 (72.3%) | Falhas: 0
[13:38:05] ✅ SUCESSO | 15813205000012023 | E2 | 2054/2839 (72.3%) | Falhas: 0
[13:38:05] ✅ SUCESSO | 15813205000072023 | E2 | 2055/2839 (72.4%) | Falhas: 0
[13:38:05] ✅ SUCESSO | 15813205000272023 | E2 | 2056/2839 (72.4%) | Falhas: 0
[13:38:05] ✅ SUCESSO | 15813205000042023 | E2 | 2057/2839 (72.5%) | Falhas: 0
[13:38:05] ✅ SUCESSO | 15813205000222023 | E2 | 2058/2839 (72.5%) | Falhas: 0
[13:38:05] ✅ SUCESSO | 15813205000392023 | E2 | 2059/2839 (72.5%) | Falhas: 0
[13:38:05] ✅ SUCESSO | 15813205000362023 | E2 | 2060/2839 (72.6%) | Falhas: 0
[13:38:05] ✅ SUCESSO | 15813205902592024 | E2 | 2061/2839 (72.6%) | Falhas: 0
[13:38:05] ✅ SUCESSO | 15813205901892024 | E2 | 2062/2839 (72.6%) | Falhas: 0
[13:38:05] ✅ SUCESSO | 15813205901852024 | E2 | 2063/2839 (72.7%) | Falhas: 0
[13:38:06] ✅ SUCESSO | 15813205900072024 | E2 | 2064/2839 (72.7%) | Falhas: 0
[13:38:06] ✅ SUCESSO | 15813203903132024 | E2 | 2065/2839 (72.7%) | Falhas: 0
[13:38:06] ✅ SUCESSO | 15813205000372023 | E2 | 2066/2839 (72.8%) | Falhas: 0
[13:38:06] ✅ SUCESSO | 15813205900082024 | E2 | 2067/2839 (72.8%) | Falhas: 0
[13:38:06] ✅ SUCESSO | 15813205900032024 | E2 | 2068/2839 (72.8%) | Falhas: 0
[13:38:06] ✅ SUCESSO | 15813205900132024 | E2 | 2069/2839 (72.9%) | Falhas: 0
[13:38:06] ✅ SUCESSO | 15813205900062024 | E2 | 2070/2839 (72.9%) | Falhas: 0
[13:38:06] ✅ SUCESSO | 15813205902012024 | E2 | 2071/2839 (72.9%) | Falhas: 0
[13:38:06] ✅ SUCESSO | 15813205902152024 | E2 | 2072/2839 (73.0%) | Falhas: 0
[13:38:07] ✅ SUCESSO | 15813205902412024 | E2 | 2073/2839 (73.0%) | Falhas: 0
[13:38:07] ✅ SUCESSO | 15813203902182024 | E2 | 2074/2839 (73.1%) | Falhas: 0
[13:38:07] ✅ SUCESSO | 15813205000312023 | E2 | 2075/2839 (73.1%) | Falhas: 0
[13:38:07] ✅ SUCESSO | 15813205902352024 | E2 | 2076/2839 (73.1%) | Falhas: 0
[13:38:22] ✅ SUCESSO | 15813203900012024 | E2 | 2077/2839 (73.2%) | Falhas: 0
[13:38:22] ✅ SUCESSO | 15813205000342023 | E2 | 2078/2839 (73.2%) | Falhas: 0
[13:38:23] ✅ SUCESSO | 15813205900122024 | E2 | 2079/2839 (73.2%) | Falhas: 0
[13:38:23] ✅ SUCESSO | 15813205900112024 | E2 | 2080/2839 (73.3%) | Falhas: 0
[13:38:23] ✅ SUCESSO | 15813205900272024 | E2 | 2081/2839 (73.3%) | Falhas: 0
[13:38:23] ✅ SUCESSO | 15813205000182023 | E2 | 2082/2839 (73.3%) | Falhas: 0
[13:38:23] ✅ SUCESSO | 15813205900052024 | E2 | 2083/2839 (73.4%) | Falhas: 0
[13:38:23] ✅ SUCESSO | 15813205900142024 | E2 | 2084/2839 (73.4%) | Falhas: 0
[13:38:23] ✅ SUCESSO | 15813205900012025 | E2 | 2085/2839 (73.4%) | Falhas: 0
[13:38:24] ✅ SUCESSO | 15813205000252023 | E2 | 2086/2839 (73.5%) | Falhas: 0
[13:38:24] ✅ SUCESSO | 15813205901972024 | E2 | 2087/2839 (73.5%) | Falhas: 0
[13:38:24] ✅ SUCESSO | 15813205900102024 | E2 | 2088/2839 (73.5%) | Falhas: 0
[13:38:24] ✅ SUCESSO | 15813205900092024 | E2 | 2089/2839 (73.6%) | Falhas: 0
[13:38:39] ✅ SUCESSO | 15813203901562025 | E2 | 2090/2839 (73.6%) | Falhas: 0
[13:38:39] ✅ SUCESSO | 15813205901052025 | E2 | 2091/2839 (73.7%) | Falhas: 0
[13:38:39] ✅ SUCESSO | 15813205900242024 | E2 | 2092/2839 (73.7%) | Falhas: 0
[13:38:40] ✅ SUCESSO | 15813205902372024 | E2 | 2093/2839 (73.7%) | Falhas: 0
[13:38:40] ✅ SUCESSO | 15813205901282025 | E2 | 2094/2839 (73.8%) | Falhas: 0
[13:38:40] ✅ SUCESSO | 15813203900852025 | E2 | 2095/2839 (73.8%) | Falhas: 0
[13:38:40] ✅ SUCESSO | 15813205900812025 | E2 | 2096/2839 (73.8%) | Falhas: 0
[13:38:41] ✅ SUCESSO | 15813205901062025 | E2 | 2097/2839 (73.9%) | Falhas: 0
[13:38:41] ✅ SUCESSO | 15813205901942024 | E2 | 2098/2839 (73.9%) | Falhas: 0
[13:38:41] ✅ SUCESSO | 15813205900902025 | E2 | 2099/2839 (73.9%) | Falhas: 0
[13:38:41] ✅ SUCESSO | 15813205901182025 | E2 | 2100/2839 (74.0%) | Falhas: 0
[13:38:41] ✅ SUCESSO | 15813203901602025 | E2 | 2101/2839 (74.0%) | Falhas: 0
[13:38:41] ✅ SUCESSO | 15813203901302025 | E2 | 2102/2839 (74.0%) | Falhas: 0
[13:38:41] ✅ SUCESSO | 15813203900302025 | E2 | 2103/2839 (74.1%) | Falhas: 0
[13:38:41] ✅ SUCESSO | 15845405000022016 | E2 | 2104/2839 (74.1%) | Falhas: 0
[13:38:41] ✅ SUCESSO | 15845405000012016 | E2 | 2105/2839 (74.1%) | Falhas: 0
[13:38:57] ✅ SUCESSO | 15845405000012017 | E2 | 2106/2839 (74.2%) | Falhas: 0
[13:38:57] ✅ SUCESSO | 15845405000032016 | E2 | 2107/2839 (74.2%) | Falhas: 0
[13:38:57] ✅ SUCESSO | 15845405000012018 | E2 | 2108/2839 (74.3%) | Falhas: 0
[13:38:57] ✅ SUCESSO | 15845405000052016 | E2 | 2109/2839 (74.3%) | Falhas: 0
[13:38:57] ✅ SUCESSO | 15845405000042018 | E2 | 2110/2839 (74.3%) | Falhas: 0
[13:38:57] ✅ SUCESSO | 15845405000022018 | E2 | 2111/2839 (74.4%) | Falhas: 0
[13:38:57] ✅ SUCESSO | 15845405000022019 | E2 | 2112/2839 (74.4%) | Falhas: 0
[13:38:57] ✅ SUCESSO | 15845405000032018 | E2 | 2113/2839 (74.4%) | Falhas: 0
[13:38:58] ✅ SUCESSO | 15845405000042019 | E2 | 2114/2839 (74.5%) | Falhas: 0
[13:38:58] ✅ SUCESSO | 15845405000032019 | E2 | 2115/2839 (74.5%) | Falhas: 0
[13:38:58] ⏭️  SKIPs: 1750 | 2151/2839 (75.8%) | Falhas: 0
[13:38:58] ⏭️  SKIPs: 1800 | 2201/2839 (77.5%) | Falhas: 0
[13:38:58] ⏭️  SKIPs: 1850 | 2251/2839 (79.3%) | Falhas: 0
[13:38:58] ⏭️  SKIPs: 1900 | 2301/2839 (81.0%) | Falhas: 0
[13:38:58] ⏭️  SKIPs: 1950 | 2351/2839 (82.8%) | Falhas: 0
[13:38:58] ⏭️  SKIPs: 2000 | 2401/2839 (84.6%) | Falhas: 0
[13:38:58] ⏭️  SKIPs: 2050 | 2451/2839 (86.3%) | Falhas: 0
[13:38:58] ⏭️  SKIPs: 2100 | 2501/2839 (88.1%) | Falhas: 0
[13:39:13] ✅ SUCESSO | 15845405000052019 | E2 | 2543/2839 (89.6%) | Falhas: 0
[13:39:13] ✅ SUCESSO | 15845405000012020 | E2 | 2544/2839 (89.6%) | Falhas: 0
[13:39:13] ✅ SUCESSO | 15844805000022016 | E4 | 2545/2839 (89.6%) | Falhas: 0
[13:39:13] ✅ SUCESSO | 15844805000012016 | E4 | 2546/2839 (89.7%) | Falhas: 0
[13:39:13] ✅ SUCESSO | 15844805000012018 | E4 | 2547/2839 (89.7%) | Falhas: 0
[13:39:13] ✅ SUCESSO | 15844805000022017 | E4 | 2548/2839 (89.7%) | Falhas: 0
[13:39:13] ✅ SUCESSO | 15844805000012017 | E4 | 2549/2839 (89.8%) | Falhas: 0
[13:39:14] ✅ SUCESSO | 15844805000042019 | E4 | 2550/2839 (89.8%) | Falhas: 0
[13:39:14] ✅ SUCESSO | 15844805000052019 | E4 | 2551/2839 (89.9%) | Falhas: 0
[13:39:14] ✅ SUCESSO | 15844805000032019 | E4 | 2552/2839 (89.9%) | Falhas: 0
[13:39:14] ✅ SUCESSO | 15844805000072019 | E4 | 2553/2839 (89.9%) | Falhas: 0
[13:39:14] ✅ SUCESSO | 15844805000082019 | E4 | 2554/2839 (90.0%) | Falhas: 0
[13:39:14] ✅ SUCESSO | 15844805000062019 | E4 | 2555/2839 (90.0%) | Falhas: 0
[13:39:14] ✅ SUCESSO | 15844805000012020 | E4 | 2556/2839 (90.0%) | Falhas: 0
[13:39:14] ✅ SUCESSO | 15844805000012019 | E4 | 2557/2839 (90.1%) | Falhas: 0
[13:39:14] ✅ SUCESSO | 15844805000042020 | E4 | 2558/2839 (90.1%) | Falhas: 0
[13:39:14] ✅ SUCESSO | 15845005000012016 | E4 | 2559/2839 (90.1%) | Falhas: 0
[13:39:14] ✅ SUCESSO | 15845005000042015 | E4 | 2560/2839 (90.2%) | Falhas: 0
[13:39:14] ✅ SUCESSO | 15844805000032020 | E4 | 2561/2839 (90.2%) | Falhas: 0
[13:39:15] ✅ SUCESSO | 15845005000042017 | E4 | 2562/2839 (90.2%) | Falhas: 0
[13:39:15] ✅ SUCESSO | 15845005000032017 | E4 | 2563/2839 (90.3%) | Falhas: 0
[13:39:15] ✅ SUCESSO | 15845005000092016 | E4 | 2564/2839 (90.3%) | Falhas: 0
[13:39:15] ✅ SUCESSO | 15845005000022018 | E4 | 2565/2839 (90.3%) | Falhas: 0
[13:39:15] ✅ SUCESSO | 15845005000012018 | E4 | 2566/2839 (90.4%) | Falhas: 0
[13:39:15] ✅ SUCESSO | 15845005000082018 | E4 | 2567/2839 (90.4%) | Falhas: 0
[13:39:15] ✅ SUCESSO | 15845005000092018 | E4 | 2568/2839 (90.5%) | Falhas: 0
[13:39:15] ✅ SUCESSO | 15845005000012019 | E4 | 2569/2839 (90.5%) | Falhas: 0
[13:39:15] ✅ SUCESSO | 15845005000022019 | E4 | 2570/2839 (90.5%) | Falhas: 0
[13:39:16] ✅ SUCESSO | 15845005000032019 | E4 | 2571/2839 (90.6%) | Falhas: 0
[13:39:16] ✅ SUCESSO | 15845005000062019 | E4 | 2572/2839 (90.6%) | Falhas: 0
[13:39:16] ✅ SUCESSO | 15845005000022020 | E4 | 2573/2839 (90.6%) | Falhas: 0
[13:39:16] ✅ SUCESSO | 15845005000042020 | E4 | 2574/2839 (90.7%) | Falhas: 0
[13:39:16] ✅ SUCESSO | 15845005000012020 | E4 | 2575/2839 (90.7%) | Falhas: 0
[13:39:16] ✅ SUCESSO | 15845005000032020 | E4 | 2576/2839 (90.7%) | Falhas: 0
[13:39:16] ✅ SUCESSO | 15845005000072020 | E4 | 2577/2839 (90.8%) | Falhas: 0
[13:39:16] ✅ SUCESSO | 15845005000062020 | E4 | 2578/2839 (90.8%) | Falhas: 0
[13:39:16] ✅ SUCESSO | 15844905000032016 | E4 | 2579/2839 (90.8%) | Falhas: 0
[13:39:17] ✅ SUCESSO | 15844905000022016 | E4 | 2580/2839 (90.9%) | Falhas: 0
[13:39:17] ✅ SUCESSO | 15844905000162016 | E4 | 2581/2839 (90.9%) | Falhas: 0
[13:39:17] ✅ SUCESSO | 15844905000152016 | E4 | 2582/2839 (90.9%) | Falhas: 0
[13:39:17] ✅ SUCESSO | 15844905000012017 | E4 | 2583/2839 (91.0%) | Falhas: 0
[13:39:17] ✅ SUCESSO | 15844905000022017 | E4 | 2584/2839 (91.0%) | Falhas: 0
[13:39:17] ✅ SUCESSO | 15844905000032017 | E4 | 2585/2839 (91.1%) | Falhas: 0
[13:39:17] ✅ SUCESSO | 15844905000042017 | E4 | 2586/2839 (91.1%) | Falhas: 0
[13:39:17] ✅ SUCESSO | 15844905000052017 | E4 | 2587/2839 (91.1%) | Falhas: 0
[13:39:17] ✅ SUCESSO | 15844905000082017 | E4 | 2588/2839 (91.2%) | Falhas: 0
[13:39:17] ✅ SUCESSO | 15844905000062017 | E4 | 2589/2839 (91.2%) | Falhas: 0
[13:39:17] ✅ SUCESSO | 15844905000092017 | E4 | 2590/2839 (91.2%) | Falhas: 0
[13:39:18] ✅ SUCESSO | 15844905000102017 | E4 | 2591/2839 (91.3%) | Falhas: 0
[13:39:18] ✅ SUCESSO | 15844905000012018 | E4 | 2592/2839 (91.3%) | Falhas: 0
[13:39:18] ✅ SUCESSO | 15844905000072017 | E4 | 2593/2839 (91.3%) | Falhas: 0
[13:39:18] ✅ SUCESSO | 15844905000042018 | E4 | 2594/2839 (91.4%) | Falhas: 0
[13:39:18] ✅ SUCESSO | 15844905000112018 | E4 | 2595/2839 (91.4%) | Falhas: 0
[13:39:18] ✅ SUCESSO | 15844905000092018 | E4 | 2596/2839 (91.4%) | Falhas: 0
[13:39:18] ✅ SUCESSO | 15844905000072018 | E4 | 2597/2839 (91.5%) | Falhas: 0
[13:39:18] ✅ SUCESSO | 15844905000102018 | E4 | 2598/2839 (91.5%) | Falhas: 0
[13:39:18] ✅ SUCESSO | 15844905000082018 | E4 | 2599/2839 (91.5%) | Falhas: 0
[13:39:18] ✅ SUCESSO | 15844905000062018 | E4 | 2600/2839 (91.6%) | Falhas: 0
[13:39:18] ✅ SUCESSO | 15844905000052018 | E4 | 2601/2839 (91.6%) | Falhas: 0
[13:39:19] ✅ SUCESSO | 15844905000032018 | E4 | 2602/2839 (91.7%) | Falhas: 0
[13:39:19] ✅ SUCESSO | 15844905000022018 | E4 | 2603/2839 (91.7%) | Falhas: 0
[13:39:19] ✅ SUCESSO | 15844905000122018 | E4 | 2604/2839 (91.7%) | Falhas: 0
[13:39:34] ✅ SUCESSO | 15844905000012019 | E4 | 2605/2839 (91.8%) | Falhas: 0
[13:39:34] ✅ SUCESSO | 15844905000022019 | E4 | 2606/2839 (91.8%) | Falhas: 0
[13:39:34] ✅ SUCESSO | 15844905000032019 | E4 | 2607/2839 (91.8%) | Falhas: 0
[13:39:34] ✅ SUCESSO | 15844905000062019 | E4 | 2608/2839 (91.9%) | Falhas: 0
[13:39:34] ✅ SUCESSO | 15844905000072019 | E4 | 2609/2839 (91.9%) | Falhas: 0
[13:39:34] ✅ SUCESSO | 15844905000052019 | E4 | 2610/2839 (91.9%) | Falhas: 0
[13:39:34] ✅ SUCESSO | 15844905000082019 | E4 | 2611/2839 (92.0%) | Falhas: 0
[13:39:35] ✅ SUCESSO | 15844905000042019 | E4 | 2612/2839 (92.0%) | Falhas: 0
[13:39:35] ✅ SUCESSO | 15844905000092019 | E4 | 2613/2839 (92.0%) | Falhas: 0
[13:39:35] ✅ SUCESSO | 15844905000122019 | E4 | 2614/2839 (92.1%) | Falhas: 0
[13:39:35] ✅ SUCESSO | 15844905000102019 | E4 | 2615/2839 (92.1%) | Falhas: 0
[13:39:35] ✅ SUCESSO | 15844905000012020 | E4 | 2616/2839 (92.1%) | Falhas: 0
[13:39:50] ✅ SUCESSO | 15844905000052020 | E4 | 2617/2839 (92.2%) | Falhas: 0
[13:39:50] ✅ SUCESSO | 15844905000112019 | E4 | 2618/2839 (92.2%) | Falhas: 0
[13:39:50] ✅ SUCESSO | 15845105000132015 | E4 | 2619/2839 (92.3%) | Falhas: 0
[13:39:50] ✅ SUCESSO | 15845105000142015 | E4 | 2620/2839 (92.3%) | Falhas: 0
[13:39:50] ✅ SUCESSO | 15845105000012016 | E4 | 2621/2839 (92.3%) | Falhas: 0
[13:39:50] ✅ SUCESSO | 15845105000012017 | E4 | 2622/2839 (92.4%) | Falhas: 0
[13:39:51] ✅ SUCESSO | 15845105000052017 | E4 | 2623/2839 (92.4%) | Falhas: 0
[13:39:51] ✅ SUCESSO | 15845105000022017 | E4 | 2624/2839 (92.4%) | Falhas: 0
[13:39:51] ✅ SUCESSO | 15845105000092017 | E4 | 2625/2839 (92.5%) | Falhas: 0
[13:39:51] ✅ SUCESSO | 15845105000032017 | E4 | 2626/2839 (92.5%) | Falhas: 0
[13:39:51] ✅ SUCESSO | 15845105000042017 | E4 | 2627/2839 (92.5%) | Falhas: 0
[13:39:52] ✅ SUCESSO | 15845105000072017 | E4 | 2628/2839 (92.6%) | Falhas: 0
[13:39:52] ✅ SUCESSO | 15845105000082017 | E4 | 2629/2839 (92.6%) | Falhas: 0
[13:39:52] ✅ SUCESSO | 15845105000012018 | E4 | 2630/2839 (92.6%) | Falhas: 0
[13:39:52] ✅ SUCESSO | 15845105000022016 | E4 | 2631/2839 (92.7%) | Falhas: 0
[13:39:52] ✅ SUCESSO | 15845105000042018 | E4 | 2632/2839 (92.7%) | Falhas: 0
[13:39:53] ✅ SUCESSO | 15845105000112017 | E4 | 2633/2839 (92.7%) | Falhas: 0
[13:40:08] ✅ SUCESSO | 15845105000052018 | E4 | 2634/2839 (92.8%) | Falhas: 0
[13:40:08] ✅ SUCESSO | 15845105000072018 | E4 | 2635/2839 (92.8%) | Falhas: 0
[13:40:08] ✅ SUCESSO | 15845105000112018 | E4 | 2636/2839 (92.8%) | Falhas: 0
[13:40:08] ✅ SUCESSO | 15845105000092018 | E4 | 2637/2839 (92.9%) | Falhas: 0
[13:40:08] ✅ SUCESSO | 15845105000082018 | E4 | 2638/2839 (92.9%) | Falhas: 0
[13:40:08] ✅ SUCESSO | 15845105000062018 | E4 | 2639/2839 (93.0%) | Falhas: 0
[13:40:08] ✅ SUCESSO | 15845105000022018 | E4 | 2640/2839 (93.0%) | Falhas: 0
[13:40:08] ✅ SUCESSO | 15845105000122017 | E4 | 2641/2839 (93.0%) | Falhas: 0
[13:40:08] ✅ SUCESSO | 15845105000162017 | E4 | 2642/2839 (93.1%) | Falhas: 0
[13:40:24] ✅ SUCESSO | 15845105000102018 | E4 | 2643/2839 (93.1%) | Falhas: 0
[13:40:24] ✅ SUCESSO | 15845105000142017 | E4 | 2644/2839 (93.1%) | Falhas: 0
[13:40:24] ✅ SUCESSO | 15845105000132017 | E4 | 2645/2839 (93.2%) | Falhas: 0
[13:40:24] ✅ SUCESSO | 15845105000012019 | E4 | 2646/2839 (93.2%) | Falhas: 0
[13:40:24] ✅ SUCESSO | 15845105000042019 | E4 | 2647/2839 (93.2%) | Falhas: 0
[13:40:24] ✅ SUCESSO | 15845105000032019 | E4 | 2648/2839 (93.3%) | Falhas: 0
[13:40:24] ✅ SUCESSO | 15845105000052019 | E4 | 2649/2839 (93.3%) | Falhas: 0
[13:40:24] ✅ SUCESSO | 15845105000022019 | E4 | 2650/2839 (93.3%) | Falhas: 0
[13:40:24] ✅ SUCESSO | 15845105000082019 | E4 | 2651/2839 (93.4%) | Falhas: 0
[13:40:25] ✅ SUCESSO | 15845105000092019 | E4 | 2652/2839 (93.4%) | Falhas: 0
[13:40:25] ✅ SUCESSO | 15845105000012020 | E4 | 2653/2839 (93.4%) | Falhas: 0
[13:40:25] ✅ SUCESSO | 15845105000042020 | E4 | 2654/2839 (93.5%) | Falhas: 0
[13:40:25] ✅ SUCESSO | 15845105000032020 | E4 | 2655/2839 (93.5%) | Falhas: 0
[13:40:25] ✅ SUCESSO | 15845105000062020 | E4 | 2656/2839 (93.6%) | Falhas: 0
[13:40:25] ✅ SUCESSO | 15845105000072020 | E4 | 2657/2839 (93.6%) | Falhas: 0
[13:40:25] ✅ SUCESSO | 15845105000092020 | E4 | 2658/2839 (93.6%) | Falhas: 0
[13:40:25] ✅ SUCESSO | 15845105000022020 | E4 | 2659/2839 (93.7%) | Falhas: 0
[13:40:25] ✅ SUCESSO | 15845105000052020 | E4 | 2660/2839 (93.7%) | Falhas: 0
[13:40:25] ✅ SUCESSO | 15584805000012017 | E4 | 2661/2839 (93.7%) | Falhas: 0
[13:40:25] ✅ SUCESSO | 15845105000082020 | E4 | 2662/2839 (93.8%) | Falhas: 0
[13:40:25] ✅ SUCESSO | 15584805000032017 | E4 | 2663/2839 (93.8%) | Falhas: 0
[13:40:25] ✅ SUCESSO | 15584805000052017 | E4 | 2664/2839 (93.8%) | Falhas: 0
[13:40:26] ✅ SUCESSO | 15584805000022017 | E4 | 2665/2839 (93.9%) | Falhas: 0
[13:40:26] ✅ SUCESSO | 15584805000072017 | E4 | 2666/2839 (93.9%) | Falhas: 0
[13:40:26] ✅ SUCESSO | 15584805000062017 | E4 | 2667/2839 (93.9%) | Falhas: 0
[13:40:26] ✅ SUCESSO | 15584805000042017 | E4 | 2668/2839 (94.0%) | Falhas: 0
[13:40:26] ✅ SUCESSO | 15584805000092017 | E4 | 2669/2839 (94.0%) | Falhas: 0
[13:40:26] ✅ SUCESSO | 15584805000102017 | E4 | 2670/2839 (94.0%) | Falhas: 0
[13:40:26] ✅ SUCESSO | 15584805000112017 | E4 | 2671/2839 (94.1%) | Falhas: 0
[13:40:26] ✅ SUCESSO | 15584805000012018 | E4 | 2672/2839 (94.1%) | Falhas: 0
[13:40:26] ✅ SUCESSO | 15584805000022018 | E4 | 2673/2839 (94.2%) | Falhas: 0
[13:40:26] ✅ SUCESSO | 15584805000032018 | E4 | 2674/2839 (94.2%) | Falhas: 0
[13:40:27] ✅ SUCESSO | 15584805000042018 | E4 | 2675/2839 (94.2%) | Falhas: 0
[13:40:27] ✅ SUCESSO | 15584805000072018 | E4 | 2676/2839 (94.3%) | Falhas: 0
[13:40:27] ✅ SUCESSO | 15584805000012019 | E4 | 2677/2839 (94.3%) | Falhas: 0
[13:40:27] ✅ SUCESSO | 15584805000032019 | E4 | 2678/2839 (94.3%) | Falhas: 0
[13:40:27] ✅ SUCESSO | 15584805000022019 | E4 | 2679/2839 (94.4%) | Falhas: 0
[13:40:27] ✅ SUCESSO | 15584805000012020 | E4 | 2680/2839 (94.4%) | Falhas: 0
[13:40:27] ✅ SUCESSO | 15585005000012019 | E4 | 2681/2839 (94.4%) | Falhas: 0
[13:40:27] ✅ SUCESSO | 15845205000072015 | E4 | 2682/2839 (94.5%) | Falhas: 0
[13:40:27] ✅ SUCESSO | 15845205000022016 | E4 | 2683/2839 (94.5%) | Falhas: 0
[13:40:27] ✅ SUCESSO | 15845205000012017 | E4 | 2684/2839 (94.5%) | Falhas: 0
[13:40:28] ✅ SUCESSO | 15845205000012016 | E4 | 2685/2839 (94.6%) | Falhas: 0
[13:40:28] ✅ SUCESSO | 15845205000032016 | E4 | 2686/2839 (94.6%) | Falhas: 0
[13:40:28] ✅ SUCESSO | 15845205000042016 | E4 | 2687/2839 (94.6%) | Falhas: 0
[13:40:28] ✅ SUCESSO | 15845205000032018 | E4 | 2688/2839 (94.7%) | Falhas: 0
[13:40:28] ✅ SUCESSO | 15845205000012018 | E4 | 2689/2839 (94.7%) | Falhas: 0
[13:40:28] ✅ SUCESSO | 15845205000042018 | E4 | 2690/2839 (94.8%) | Falhas: 0
[13:40:28] ✅ SUCESSO | 15845205000022017 | E4 | 2691/2839 (94.8%) | Falhas: 0
[13:40:28] ✅ SUCESSO | 15845205000042019 | E4 | 2692/2839 (94.8%) | Falhas: 0
[13:40:28] ✅ SUCESSO | 15845205000072019 | E4 | 2693/2839 (94.9%) | Falhas: 0
[13:40:28] ✅ SUCESSO | 15845205000032019 | E4 | 2694/2839 (94.9%) | Falhas: 0
[13:40:28] ✅ SUCESSO | 15845205000022019 | E4 | 2695/2839 (94.9%) | Falhas: 0
[13:40:28] ✅ SUCESSO | 15845205000012019 | E4 | 2696/2839 (95.0%) | Falhas: 0
[13:40:28] ✅ SUCESSO | 15845205000062019 | E4 | 2697/2839 (95.0%) | Falhas: 0
[13:40:29] ✅ SUCESSO | 15845205000012020 | E4 | 2698/2839 (95.0%) | Falhas: 0
[13:40:29] ✅ SUCESSO | 15845205000022020 | E4 | 2699/2839 (95.1%) | Falhas: 0
[13:40:29] ✅ SUCESSO | 15845205000032020 | E4 | 2700/2839 (95.1%) | Falhas: 0
[13:40:29] ✅ SUCESSO | 15584905000032018 | E4 | 2701/2839 (95.1%) | Falhas: 0
[13:40:29] ✅ SUCESSO | 15584905000022018 | E4 | 2702/2839 (95.2%) | Falhas: 0
[13:40:29] ✅ SUCESSO | 15584905000052018 | E4 | 2703/2839 (95.2%) | Falhas: 0
[13:40:29] ✅ SUCESSO | 15584905000012019 | E4 | 2704/2839 (95.2%) | Falhas: 0
[13:40:29] ✅ SUCESSO | 15584905000042018 | E4 | 2705/2839 (95.3%) | Falhas: 0
[13:40:44] ✅ SUCESSO | 15584905000032019 | E4 | 2706/2839 (95.3%) | Falhas: 0
[13:40:44] ✅ SUCESSO | 15584905000052019 | E4 | 2707/2839 (95.4%) | Falhas: 0
[13:40:45] ✅ SUCESSO | 15584905000062019 | E4 | 2708/2839 (95.4%) | Falhas: 0
[13:40:45] ✅ SUCESSO | 15584905000042019 | E4 | 2709/2839 (95.4%) | Falhas: 0
[13:40:45] ✅ SUCESSO | 15584905000012020 | E4 | 2710/2839 (95.5%) | Falhas: 0
[13:40:45] ✅ SUCESSO | 15584905000072019 | E4 | 2711/2839 (95.5%) | Falhas: 0
[13:40:45] ✅ SUCESSO | 15845305000082016 | E4 | 2712/2839 (95.5%) | Falhas: 0
[13:40:45] ✅ SUCESSO | 15584905000022020 | E4 | 2713/2839 (95.6%) | Falhas: 0
[13:40:45] ✅ SUCESSO | 15845305000112016 | E4 | 2714/2839 (95.6%) | Falhas: 0
[13:40:45] ✅ SUCESSO | 15845305000092016 | E4 | 2715/2839 (95.6%) | Falhas: 0
[13:40:46] ✅ SUCESSO | 15845305000012016 | E4 | 2716/2839 (95.7%) | Falhas: 0
[13:41:01] ✅ SUCESSO | 15845305000062016 | E4 | 2717/2839 (95.7%) | Falhas: 0
[13:41:01] ✅ SUCESSO | 15845305000042016 | E4 | 2718/2839 (95.7%) | Falhas: 0
[13:41:01] ✅ SUCESSO | 15845305000032016 | E4 | 2719/2839 (95.8%) | Falhas: 0
[13:41:01] ✅ SUCESSO | 15845305000072016 | E4 | 2720/2839 (95.8%) | Falhas: 0
[13:41:01] ✅ SUCESSO | 15845305000022017 | E4 | 2721/2839 (95.8%) | Falhas: 0
[13:41:02] ✅ SUCESSO | 15845305000032017 | E4 | 2722/2839 (95.9%) | Falhas: 0
[13:41:02] ✅ SUCESSO | 15845305000042017 | E4 | 2723/2839 (95.9%) | Falhas: 0
[13:41:02] ✅ SUCESSO | 15845305000062018 | E4 | 2724/2839 (95.9%) | Falhas: 0
[13:41:02] ✅ SUCESSO | 15845305000052018 | E4 | 2725/2839 (96.0%) | Falhas: 0
[13:41:02] ✅ SUCESSO | 15845305000042018 | E4 | 2726/2839 (96.0%) | Falhas: 0
[13:41:02] ✅ SUCESSO | 15845305000022018 | E4 | 2727/2839 (96.1%) | Falhas: 0
[13:41:02] ✅ SUCESSO | 15845305000032018 | E4 | 2728/2839 (96.1%) | Falhas: 0
[13:41:02] ✅ SUCESSO | 15845305000012018 | E4 | 2729/2839 (96.1%) | Falhas: 0
[13:41:03] ✅ SUCESSO | 15845305000082018 | E4 | 2730/2839 (96.2%) | Falhas: 0
[13:41:03] ✅ SUCESSO | 15845305000072018 | E4 | 2731/2839 (96.2%) | Falhas: 0
[13:41:03] ✅ SUCESSO | 15845305000012019 | E4 | 2732/2839 (96.2%) | Falhas: 0
[13:41:03] ✅ SUCESSO | 15845305000022019 | E4 | 2733/2839 (96.3%) | Falhas: 0
[13:41:16] ✅ SUCESSO | 15584905000022019 | E4 | 2734/2839 (96.3%) | Falhas: 0
[13:41:16] ✅ SUCESSO | 15845305000042020 | E4 | 2735/2839 (96.3%) | Falhas: 0
[13:41:17] ✅ SUCESSO | 15845305000052020 | E4 | 2736/2839 (96.4%) | Falhas: 0
[13:41:17] ✅ SUCESSO | 15845305000062020 | E4 | 2737/2839 (96.4%) | Falhas: 0
[13:41:17] ✅ SUCESSO | 15813205000142015 | E4 | 2738/2839 (96.4%) | Falhas: 0
[13:41:17] ✅ SUCESSO | 15813205000212015 | E4 | 2739/2839 (96.5%) | Falhas: 0
[13:41:18] ✅ SUCESSO | 15813205000262015 | E4 | 2740/2839 (96.5%) | Falhas: 0
[13:41:18] ✅ SUCESSO | 15813205000062016 | E4 | 2741/2839 (96.5%) | Falhas: 0
[13:41:18] ✅ SUCESSO | 15845305000022020 | E4 | 2742/2839 (96.6%) | Falhas: 0
[13:41:34] ✅ SUCESSO | 15813205000082016 | E4 | 2743/2839 (96.6%) | Falhas: 0
[13:41:34] ✅ SUCESSO | 15813205000142016 | E4 | 2744/2839 (96.7%) | Falhas: 0
[13:41:34] ✅ SUCESSO | 15813205000042016 | E4 | 2745/2839 (96.7%) | Falhas: 0
[13:41:34] ✅ SUCESSO | 15813205000252015 | E4 | 2746/2839 (96.7%) | Falhas: 0
[13:41:35] ✅ SUCESSO | 15813205000172016 | E4 | 2747/2839 (96.8%) | Falhas: 0
[13:41:35] ✅ SUCESSO | 15813205000202016 | E4 | 2748/2839 (96.8%) | Falhas: 0
[13:41:35] ✅ SUCESSO | 15813205000132016 | E4 | 2749/2839 (96.8%) | Falhas: 0
[13:41:35] ✅ SUCESSO | 15813205000202015 | E4 | 2750/2839 (96.9%) | Falhas: 0
[13:41:35] ✅ SUCESSO | 15813205000012016 | E4 | 2751/2839 (96.9%) | Falhas: 0
[13:41:35] ✅ SUCESSO | 15813205000032016 | E4 | 2752/2839 (96.9%) | Falhas: 0
[13:41:36] ✅ SUCESSO | 15813205000232015 | E4 | 2753/2839 (97.0%) | Falhas: 0
[13:41:36] ✅ SUCESSO | 15813205000022016 | E4 | 2754/2839 (97.0%) | Falhas: 0
[13:41:36] ✅ SUCESSO | 15813205000162016 | E4 | 2755/2839 (97.0%) | Falhas: 0
[13:41:36] ✅ SUCESSO | 15813205000182015 | E4 | 2756/2839 (97.1%) | Falhas: 0
[13:41:36] ✅ SUCESSO | 15813205000012017 | E4 | 2757/2839 (97.1%) | Falhas: 0
[13:41:36] ✅ SUCESSO | 15813205000032017 | E4 | 2758/2839 (97.1%) | Falhas: 0
[13:41:36] ✅ SUCESSO | 15813205000022017 | E4 | 2759/2839 (97.2%) | Falhas: 0
[13:41:36] ✅ SUCESSO | 15813205000132017 | E4 | 2760/2839 (97.2%) | Falhas: 0
[13:41:36] ✅ SUCESSO | 15813205000112017 | E4 | 2761/2839 (97.3%) | Falhas: 0
[13:41:37] ✅ SUCESSO | 15813205000012018 | E4 | 2762/2839 (97.3%) | Falhas: 0
[13:41:37] ✅ SUCESSO | 15813205000022018 | E4 | 2763/2839 (97.3%) | Falhas: 0
[13:41:37] ✅ SUCESSO | 15813205000072018 | E4 | 2764/2839 (97.4%) | Falhas: 0
[13:41:38] ✅ SUCESSO | 15813205000012019 | E4 | 2765/2839 (97.4%) | Falhas: 0
[13:41:38] ✅ SUCESSO | 15813205000022020 | E4 | 2766/2839 (97.4%) | Falhas: 0
[13:41:38] ✅ SUCESSO | 15813205000012020 | E4 | 2767/2839 (97.5%) | Falhas: 0
[13:41:38] ✅ SUCESSO | 15813205000192021 | E4 | 2768/2839 (97.5%) | Falhas: 0
[13:41:38] ✅ SUCESSO | 15813205000122021 | E4 | 2769/2839 (97.5%) | Falhas: 0
[13:41:38] ✅ SUCESSO | 15813205000162021 | E4 | 2770/2839 (97.6%) | Falhas: 0
[13:41:39] ✅ SUCESSO | 15813205000082021 | E4 | 2771/2839 (97.6%) | Falhas: 0
[13:41:39] ✅ SUCESSO | 15813205000092021 | E4 | 2772/2839 (97.6%) | Falhas: 0
[13:41:39] ✅ SUCESSO | 15813205000102021 | E4 | 2773/2839 (97.7%) | Falhas: 0
[13:41:39] ✅ SUCESSO | 15813205000062021 | E4 | 2774/2839 (97.7%) | Falhas: 0
[13:41:39] ✅ SUCESSO | 15813205000042021 | E4 | 2775/2839 (97.7%) | Falhas: 0
[13:41:39] ✅ SUCESSO | 15813205000032021 | E4 | 2776/2839 (97.8%) | Falhas: 0
[13:41:39] ✅ SUCESSO | 15813205000012021 | E4 | 2777/2839 (97.8%) | Falhas: 0
[13:41:39] ✅ SUCESSO | 15813205000072021 | E4 | 2778/2839 (97.9%) | Falhas: 0
[13:41:39] ✅ SUCESSO | 15813205000052021 | E4 | 2779/2839 (97.9%) | Falhas: 0
[13:41:40] ✅ SUCESSO | 15813205000022021 | E4 | 2780/2839 (97.9%) | Falhas: 0
[13:41:40] ✅ SUCESSO | 15813205000172021 | E4 | 2781/2839 (98.0%) | Falhas: 0
[13:41:40] ✅ SUCESSO | 15813205000062022 | E4 | 2782/2839 (98.0%) | Falhas: 0
[13:41:40] ✅ SUCESSO | 15813205000092022 | E4 | 2783/2839 (98.0%) | Falhas: 0
[13:41:40] ✅ SUCESSO | 15813205000132022 | E4 | 2784/2839 (98.1%) | Falhas: 0
[13:41:40] ✅ SUCESSO | 15813205000122022 | E4 | 2785/2839 (98.1%) | Falhas: 0
[13:41:40] ✅ SUCESSO | 15813205000152022 | E4 | 2786/2839 (98.1%) | Falhas: 0
[13:41:40] ✅ SUCESSO | 15813205000032022 | E4 | 2787/2839 (98.2%) | Falhas: 0
[13:41:41] ✅ SUCESSO | 15813205000072022 | E4 | 2788/2839 (98.2%) | Falhas: 0
[13:41:41] ✅ SUCESSO | 15813205000142022 | E4 | 2789/2839 (98.2%) | Falhas: 0
[13:41:41] ✅ SUCESSO | 15813205000112022 | E4 | 2790/2839 (98.3%) | Falhas: 0
[13:41:41] ✅ SUCESSO | 15813205000162022 | E4 | 2791/2839 (98.3%) | Falhas: 0
[13:41:41] ✅ SUCESSO | 15813205000102022 | E4 | 2792/2839 (98.3%) | Falhas: 0
[13:41:41] ✅ SUCESSO | 15813205000172022 | E4 | 2793/2839 (98.4%) | Falhas: 0
[13:41:41] ✅ SUCESSO | 15813205000222022 | E4 | 2794/2839 (98.4%) | Falhas: 0
[13:41:42] ✅ SUCESSO | 15813205000202022 | E4 | 2795/2839 (98.5%) | Falhas: 0
[13:41:42] ✅ SUCESSO | 15813205000242022 | E4 | 2796/2839 (98.5%) | Falhas: 0
[13:41:42] ✅ SUCESSO | 15813205000182022 | E4 | 2797/2839 (98.5%) | Falhas: 0
[13:41:42] ✅ SUCESSO | 15813205000182022 | E2 | 2798/2839 (98.6%) | Falhas: 0
[13:41:42] ✅ SUCESSO | 15813205000292022 | E4 | 2799/2839 (98.6%) | Falhas: 0
[13:41:42] ✅ SUCESSO | 15813205000282022 | E4 | 2800/2839 (98.6%) | Falhas: 0
[13:41:42] ✅ SUCESSO | 15813205000302022 | E4 | 2801/2839 (98.7%) | Falhas: 0
[13:41:42] ✅ SUCESSO | 15813205000322022 | E4 | 2802/2839 (98.7%) | Falhas: 0
[13:41:43] ✅ SUCESSO | 15813205000342022 | E4 | 2803/2839 (98.7%) | Falhas: 0
[13:41:43] ✅ SUCESSO | 15813205000332022 | E4 | 2804/2839 (98.8%) | Falhas: 0
[13:41:43] ✅ SUCESSO | 15813205000212022 | E4 | 2805/2839 (98.8%) | Falhas: 0
[13:41:43] ✅ SUCESSO | 15813205000352022 | E4 | 2806/2839 (98.8%) | Falhas: 0
[13:41:48] ✅ SUCESSO | 15845305000032020 | E4 | 2807/2839 (98.9%) | Falhas: 0
[13:41:49] ✅ SUCESSO | 15813205000232021 | E4 | 2808/2839 (98.9%) | Falhas: 0
[13:41:49] ✅ SUCESSO | 15813205000022023 | E4 | 2809/2839 (98.9%) | Falhas: 0
[13:41:49] ✅ SUCESSO | 15813205000032023 | E4 | 2810/2839 (99.0%) | Falhas: 0
[13:41:49] ✅ SUCESSO | 15813205000042023 | E4 | 2811/2839 (99.0%) | Falhas: 0
[13:41:50] ✅ SUCESSO | 15813205000152023 | E4 | 2812/2839 (99.0%) | Falhas: 0
[13:41:50] ✅ SUCESSO | 15813205000222023 | E4 | 2813/2839 (99.1%) | Falhas: 0
[13:41:50] ✅ SUCESSO | 15813205000392023 | E4 | 2814/2839 (99.1%) | Falhas: 0
[13:41:51] ✅ SUCESSO | 15813205000242023 | E4 | 2815/2839 (99.2%) | Falhas: 0
[13:41:51] ✅ SUCESSO | 15813205000142023 | E4 | 2816/2839 (99.2%) | Falhas: 0
[13:42:06] ✅ SUCESSO | 15813205000212023 | E4 | 2817/2839 (99.2%) | Falhas: 0
[13:42:07] ✅ SUCESSO | 15813205000122023 | E4 | 2818/2839 (99.3%) | Falhas: 0
[13:42:07] ✅ SUCESSO | 15813205000052023 | E4 | 2819/2839 (99.3%) | Falhas: 0
[13:42:07] ✅ SUCESSO | 15813205000012023 | E4 | 2820/2839 (99.3%) | Falhas: 0
[13:42:08] ✅ SUCESSO | 15813205000102023 | E4 | 2821/2839 (99.4%) | Falhas: 0
[13:42:08] ✅ SUCESSO | 15813205000072023 | E4 | 2822/2839 (99.4%) | Falhas: 0
[13:42:08] ✅ SUCESSO | 15813205000132023 | E4 | 2823/2839 (99.4%) | Falhas: 0
[13:42:08] ✅ SUCESSO | 15813205000092023 | E4 | 2824/2839 (99.5%) | Falhas: 0
[13:42:09] ✅ SUCESSO | 15813205000252022 | E4 | 2825/2839 (99.5%) | Falhas: 0
[13:42:09] ✅ SUCESSO | 15813205000082023 | E4 | 2826/2839 (99.5%) | Falhas: 0
[13:42:09] ✅ SUCESSO | 15845405000012016 | E4 | 2827/2839 (99.6%) | Falhas: 0
[13:42:10] ✅ SUCESSO | 15845405000032016 | E4 | 2828/2839 (99.6%) | Falhas: 0
[13:42:10] ✅ SUCESSO | 15845405000052016 | E4 | 2829/2839 (99.6%) | Falhas: 0
[13:42:10] ✅ SUCESSO | 15845405000012017 | E4 | 2830/2839 (99.7%) | Falhas: 0
[13:42:10] ✅ SUCESSO | 15845405000042018 | E4 | 2831/2839 (99.7%) | Falhas: 0
[13:42:11] ✅ SUCESSO | 15845405000022018 | E4 | 2832/2839 (99.8%) | Falhas: 0
[13:42:11] ✅ SUCESSO | 15845405000032018 | E4 | 2833/2839 (99.8%) | Falhas: 0
[13:42:27] ✅ SUCESSO | 15845405000032019 | E4 | 2834/2839 (99.8%) | Falhas: 0
[13:42:28] ✅ SUCESSO | 15845405000042019 | E4 | 2835/2839 (99.9%) | Falhas: 0
[13:42:29] ✅ SUCESSO | 15845405000052019 | E4 | 2836/2839 (99.9%) | Falhas: 0
[13:42:29] ✅ SUCESSO | 15813205000052022 | E4 | 2837/2839 (99.9%) | Falhas: 0
[13:42:29] ✅ SUCESSO | 15813205000042022 | E4 | 2838/2839 (100.0%) | Falhas: 0
[13:42:30] ✅ SUCESSO | 15845405000012020 | E4 | 2839/2839 (100.0%) | Falhas: 0

✅ FIM | Falhas: 0 | SKIPs: 2141
13:42:30 | INFO     | ============================================================
13:42:30 | INFO     | 📤 GERANDO itens.csv...
📂 2839 arquivo(s) de itens encontrado(s). Processando...

✅ CSV gerado: data\itens.csv
   Itens únicos  : 26996
   Legado        : 20443
   Lei 14.133    : 6553
   Colunas       : 33
13:42:32 | INFO     | ============================================================
13:42:32 | INFO     | ============================================================
13:42:32 | INFO     | 📊 RESUMO FINAL
13:42:32 | INFO     |   Falhas compras : 139
13:42:32 | INFO     |   Falhas itens   : 0
13:42:32 | INFO     | ⚠️  Pipeline finalizado com 139 falha(s).